25062023	07:25:52	6d365805-6eca-4d24-badc-7fb67e49da21	ReferenceError: body is not defined	POST	/api/vourcher/create	undefined
25062023	07:26:59	e57a7e64-54b7-46c0-9f4c-909f8bb70620	ValidationError: vourchers validation failed: date_to: Path `date_to` is required., date_from: Path `date_from` is required.	POST	/api/vourcher/create	undefined
25062023	07:27:23	78c691f7-a301-4770-b686-82c7d795300c	ValidationError: vourchers validation failed: date_to: Path `date_to` is required., date_from: Path `date_from` is required.	POST	/api/vourcher/create	undefined
25062023	07:28:31	772e0033-8280-4d9a-81a7-45d622adbf0e	ValidationError: vourchers validation failed: day_from: Cast to date failed for value "2015-0-25T00:00:00" (type string) at path "day_from", day_to: Cast to date failed for value "2015-0-25T23:59:59" (type string) at path "day_to"	POST	/api/vourcher/create	undefined
25062023	07:34:58	9b807e21-149e-4028-9c2e-72d4f89e9faa	Error: Cannot set headers after they are sent to the client	POST	/api/vourcher/create	undefined
25062023	07:46:08	d59aa55e-c82f-4c61-ad0f-8aeb34ce3c00	ReferenceError: thisVourchers is not defined	GET	/api/vourcher	undefined
25062023	08:06:50	19eaabcf-4ea0-4756-9793-52bf1f4e51e0	TypeError: Vourchers.path is not a function	GET	/api/vourcher	undefined
25062023	08:09:00	43517c53-3b8a-4a8d-a908-410127f5a764	TypeError: Vourchers.path is not a function	GET	/api/vourcher	undefined
25062023	08:21:03	b0b869f8-e5e3-4ce6-87e0-9b5002dd0d15	TypeError: results.save is not a function	PATCH	/api/product/update	undefined
25062023	08:21:27	06787b02-c4a9-405a-b1fe-92f69c8ee2c6	TypeError: Product.updateManyWithDeleted(...).save is not a function	PATCH	/api/product/update	undefined
25062023	09:12:34	d9610d0f-34aa-46d2-a117-653bed0135b5	Error: Cannot set headers after they are sent to the client	GET	/api/product/hot/search?keyword=%22%22&details=false	undefined
25062023	10:32:09	a9a7dd44-ae66-4f6f-bbd3-49c9f1c98a27	SyntaxError: Unexpected token u in JSON at position 0	GET	/api/product/hot/search?keyword=%C4%90%E1%BB%93%20L%E1%BA%BB&details=true&more=undefined	http://localhost:3000
25062023	10:32:29	f627b67e-6a25-4491-81f0-ec87623696b2	SyntaxError: Unexpected token u in JSON at position 0	GET	/api/product/hot/search?keyword=%C4%90%E1%BA%A7m&details=true&more=undefined	http://localhost:3000
26062023	11:36:07	e6a23e44-a30d-43c1-aabf-9679adb62fc3	TypeError: Cannot destructure property 'popular' of 'more' as it is undefined.	POST	/api/product/hot/search?keyword=undefined&details=undefined	http://localhost:3000
26062023	11:36:07	63641e51-c924-405f-8c9b-0a3132cf46fc	TypeError: Cannot destructure property 'popular' of 'more' as it is undefined.	POST	/api/product/hot/search?keyword=undefined&details=undefined	http://localhost:3000
26062023	11:37:49	0fb691e2-803b-4f0b-8d60-426c9db93a5d	TypeError: Cannot destructure property 'popular' of 'more' as it is undefined.	POST	/api/product/hot/search?keyword=undefined&details=undefined	http://localhost:3000
26062023	11:37:49	91f3bc5f-9346-49eb-81cf-3df79aedee7b	TypeError: Cannot destructure property 'popular' of 'more' as it is undefined.	POST	/api/product/hot/search?keyword=undefined&details=undefined	http://localhost:3000
26062023	11:38:24	70c5cf56-fa98-4273-b30d-910bef7f51f6	TypeError: Cannot destructure property 'popular' of 'more' as it is undefined.	POST	/api/product/hot/search?keyword=undefined&details=undefined	http://localhost:3000
26062023	11:38:24	ff0d059f-15fc-45a6-b47c-e571a999086d	TypeError: Cannot destructure property 'popular' of 'more' as it is undefined.	POST	/api/product/hot/search?keyword=undefined&details=undefined	http://localhost:3000
26062023	12:01:23	6b8e8ca7-6d23-4856-9a32-cec4da2d563e	TypeError: Cannot destructure property 'popular' of 'more' as it is undefined.	POST	/api/product/hot/search?keyword=undefined&details=undefined	http://localhost:3000
26062023	12:01:23	79228bc8-b085-4d2c-8d88-ab5832741da1	TypeError: Cannot destructure property 'popular' of 'more' as it is undefined.	POST	/api/product/hot/search?keyword=undefined&details=undefined	http://localhost:3000
27062023	08:11:09	217cb858-8592-4d93-8996-33a8ced7000b	TypeError: Cannot destructure property 'popular' of 'more' as it is undefined.	POST	/api/product/hot/search?keyword=undefined&details=undefined	http://localhost:3000
27062023	08:11:09	a27e185c-aed2-42c7-8f8e-e568616cbf07	TypeError: Cannot destructure property 'popular' of 'more' as it is undefined.	POST	/api/product/hot/search?keyword=undefined&details=undefined	http://localhost:3000
27062023	08:11:59	b961ea8e-0466-4e0c-b1bb-7d054acd2340	TypeError: Cannot destructure property 'popular' of 'more' as it is undefined.	POST	/api/product/hot/search?keyword=undefined&details=undefined	http://localhost:3000
27062023	08:11:59	82a6cb79-8585-49da-bc16-65dcf7ec0ca3	TypeError: Cannot destructure property 'popular' of 'more' as it is undefined.	POST	/api/product/hot/search?keyword=undefined&details=undefined	http://localhost:3000
27062023	08:12:07	cc85680b-2c75-4f3e-b0f0-408b28d0d2f9	TypeError: Cannot destructure property 'popular' of 'more' as it is undefined.	POST	/api/product/hot/search?keyword=undefined&details=undefined	http://localhost:3000
27062023	08:12:07	38f21660-01bb-4d0c-abaa-f1160f5e7025	TypeError: Cannot destructure property 'popular' of 'more' as it is undefined.	POST	/api/product/hot/search?keyword=undefined&details=undefined	http://localhost:3000
27062023	08:12:12	f1d75267-3b07-467d-86fd-dfab5634e13f	TypeError: Cannot destructure property 'popular' of 'more' as it is undefined.	POST	/api/product/hot/search?keyword=undefined&details=undefined	http://localhost:3000
27062023	08:12:12	d05693ab-d47d-4a87-a0b4-a1ce298c42cd	TypeError: Cannot destructure property 'popular' of 'more' as it is undefined.	POST	/api/product/hot/search?keyword=undefined&details=undefined	http://localhost:3000
