21022023	21:47:11	26065742-7954-4310-813c-04536407f82d	GET	/	undefined
21022023	21:47:11	13317973-363d-4f27-a661-352bd38d968a	GET	/css/styles.css	undefined
21022023	21:47:12	ddf0198f-56ab-4218-9db9-ac6a23f41794	GET	/favicon.ico	undefined
21022023	21:47:21	f8bd5fc9-0bcf-4920-8078-3cd44abe2f0f	GET	/abc	undefined
21022023	21:47:21	e7623147-93ec-4e75-b327-a4bfcc646756	GET	/css/styles.css	undefined
22022023	21:31:47	0385e770-616f-4186-b324-6c2ce9b46f32	POST	/api/auth/logout	http://localhost:3000
22022023	21:32:20	5ee03448-6c77-4caa-8d20-3fc183810a63	OPTIONS	/api/auth/register	http://localhost:3000
22022023	21:32:20	ebf82609-23be-499c-ab20-2c9927c3ac9c	POST	/api/auth/register	http://localhost:3000
22022023	21:32:37	2a45c46b-6db7-4e70-9603-93aee6107429	OPTIONS	/api/auth/update/login	http://localhost:3000
22022023	21:32:37	15614f1a-002d-4293-89bc-87d55781d18d	PUT	/api/auth/update/login	http://localhost:3000
22022023	21:32:37	cde7a57d-defc-42a4-baaa-bb2887452ce6	OPTIONS	/api/user	http://localhost:3000
22022023	21:32:37	075ae19d-35e9-450f-a2e5-c3ade5855de3	GET	/api/user	http://localhost:3000
22022023	21:32:48	4ef794eb-5930-48df-a380-6681cd4324a1	OPTIONS	/api/user	http://localhost:3000
22022023	21:32:48	2247681a-449e-47c8-b279-f9908327447b	GET	/api/user	http://localhost:3000
22022023	21:32:49	e7fa858a-c588-43e7-9e7b-08c69115cc7e	GET	/api/auth/refresh	http://localhost:3000
22022023	21:32:49	fc3c7b33-a131-42ca-bbe1-8ba4f45bbda4	GET	/api/user	http://localhost:3000
22022023	21:38:51	b2e65e3e-f897-4610-ac5d-26b27482577a	OPTIONS	/api/auth/register	http://localhost:3000
22022023	21:38:51	fcbd2bb5-ee0f-4d0a-bfd3-e15e1e755c95	POST	/api/auth/register	http://localhost:3000
22022023	21:44:12	9ffd2f5e-b19d-412f-90cb-96bbd03456e4	OPTIONS	/api/auth/register	http://localhost:3000
22022023	21:44:12	08fceaed-a772-4925-adb6-946f41c633e6	POST	/api/auth/register	http://localhost:3000
22022023	21:44:38	e26fd5c1-ebb0-45c8-b84a-132af61cf0f2	OPTIONS	/api/auth/update/login	http://localhost:3000
22022023	21:44:38	03fa13c1-ac15-404b-96fa-3bde23068583	PUT	/api/auth/update/login	http://localhost:3000
22022023	21:44:59	eee0e5ec-ae76-44fe-8f76-4684294b4c56	GET	/api/auth/refresh	http://localhost:3000
22022023	21:44:59	05aef355-3184-404d-a8da-543e3ed8ba29	OPTIONS	/api/user	http://localhost:3000
22022023	21:44:59	1a9ddc2f-2ee0-43f7-9733-b0f0f502bfb0	GET	/api/user	http://localhost:3000
22022023	21:45:17	db3bb0b7-651b-44cc-b80d-c72218cd98fa	OPTIONS	/api/user	http://localhost:3000
22022023	21:45:17	49ed53b8-7662-4f53-8ada-606b02595de2	GET	/api/user	http://localhost:3000
22022023	21:45:18	073fb8dd-b0af-4edc-aac9-85517eb82f7d	GET	/api/auth/refresh	http://localhost:3000
22022023	21:45:18	dc7b952f-399f-43f3-ad09-69f339c10cc0	GET	/api/user	http://localhost:3000
22022023	21:46:50	b3bcb799-0f38-48d9-8897-f66d7577d7e1	OPTIONS	/api/user	http://localhost:3000
22022023	21:46:50	442c59e0-7ca6-42b8-a8ee-62eec4413ecd	GET	/api/user	http://localhost:3000
22022023	21:46:53	59a54c73-755f-467e-a423-578c7ce8f56b	GET	/api/user	http://localhost:3000
22022023	21:46:56	0e4072bd-76b5-42d2-8beb-7171da3a29b9	OPTIONS	/api/auth/logout	http://localhost:3000
22022023	21:46:56	e23d7fb2-49d7-4760-a57d-d5349e69bf9c	POST	/api/auth/logout	http://localhost:3000
22022023	21:47:08	6173ec01-7784-49a4-83c3-175e52ec2952	OPTIONS	/api/auth/register	http://localhost:3000
22022023	21:47:08	7f9197a3-92c9-4446-b814-bfc09a4d37e8	POST	/api/auth/register	http://localhost:3000
22022023	21:47:08	93702b85-b683-4b88-b4b4-781e9d44eac5	OPTIONS	/api/user	http://localhost:3000
22022023	21:47:08	86576083-08c9-440d-8ac5-9b338915d166	GET	/api/user	http://localhost:3000
22022023	21:47:48	cd38f947-57df-4082-a7a3-1ec497629808	OPTIONS	/api/user	http://localhost:3000
22022023	21:47:48	90779b26-c446-4598-872b-0ff4826f23a9	GET	/api/user	http://localhost:3000
04042023	08:13:21	3184c8b9-133e-40fb-85a0-deaadf4de331	POST	/api/auth/logout	http://localhost:3000
04042023	08:13:58	952289da-c840-43cb-b285-b29388d38ce5	OPTIONS	/api/auth/register	http://localhost:3000
04042023	08:13:58	cd1ea0c5-2ab5-4ca1-9c6c-1c8c435055f3	POST	/api/auth/register	http://localhost:3000
04042023	08:14:25	df4d4a98-9b98-42fc-acb5-fbd658244ed4	OPTIONS	/api/auth/update/login	http://localhost:3000
04042023	08:14:25	9be23ff1-76ee-4780-857c-074463c13457	PUT	/api/auth/update/login	http://localhost:3000
04042023	08:14:25	9d708417-602d-4c8b-8d08-0378b76b3ac4	OPTIONS	/api/user	http://localhost:3000
04042023	08:14:25	9c2d5140-91c2-4f00-804c-5b50994cd755	GET	/api/user	http://localhost:3000
04042023	08:14:41	14671f0d-14f8-4f0c-b9e6-5b80cd5a0d32	OPTIONS	/api/auth/logout	http://localhost:3000
04042023	08:14:41	eaff5e73-913e-432c-bb4c-49bb89582e79	POST	/api/auth/logout	http://localhost:3000
04042023	08:14:56	af43162b-2e40-444d-b346-f728a8e3c9f2	OPTIONS	/api/auth/register	http://localhost:3000
04042023	08:14:56	6557d1d0-b47e-47ed-87ef-38c8213f08f8	POST	/api/auth/register	http://localhost:3000
04042023	08:14:56	badf916c-d3aa-4bbd-91c9-6be6bfa783a1	OPTIONS	/api/user	http://localhost:3000
04042023	08:14:56	7f0128ff-458c-4968-a5bb-1a45c21f6991	GET	/api/user	http://localhost:3000
04042023	08:15:23	03f195b7-098d-44eb-9d6e-37a7fc5e6b45	OPTIONS	/api/user	http://localhost:3000
04042023	08:15:23	6ce127d7-bd9a-41c7-9b4d-f4678bda0cd2	GET	/api/user	http://localhost:3000
11042023	09:16:03	87076d59-efc8-41e8-915e-490a042c5f24	GET	/api/user	undefined
11042023	09:17:05	5048a979-fd6f-4acf-a54f-787f3d5ae0f5	GET	/api/user	undefined
11042023	09:21:33	24fe829c-4b67-4465-bec8-2fd0320399e2	GET	/api/user/show/delete	undefined
11042023	10:20:50	6e9389c4-74d9-43f2-8c78-443c8665803f	POST	/api/auth/logout	http://localhost:3000
11042023	10:21:23	a370c6d6-c198-4968-a150-76138eb22b37	OPTIONS	/api/auth/register	http://localhost:3000
11042023	10:21:23	53756946-0994-41b9-8878-3982be0eb89e	POST	/api/auth/register	http://localhost:3000
11042023	10:21:23	426be6af-255f-424c-bd53-c293eafb5769	OPTIONS	/api/user	http://localhost:3000
11042023	10:21:23	da9a2430-8134-44a7-9ad7-df78ae73373f	GET	/api/user	http://localhost:3000
11042023	10:21:48	aa32c9db-a7c9-4f3a-afb2-3c95014bb2dc	OPTIONS	/api/user	http://localhost:3000
11042023	10:21:48	c692d88d-1bf0-4396-9b68-a3f032780f9f	GET	/api/user	http://localhost:3000
11042023	10:21:55	2de947cd-ebf0-412a-b541-2ae30365f8cb	OPTIONS	/api/user	http://localhost:3000
11042023	10:21:55	8ebd70db-bd10-4b1c-abba-074359f1565f	GET	/api/user	http://localhost:3000
11042023	10:31:02	5af8adf4-92c2-4c06-9e3f-495883c9b54c	OPTIONS	/api/user	http://localhost:3000
11042023	10:31:02	49cc96e0-b040-4f9c-81da-f0bfe371c5ef	GET	/api/user	http://localhost:3000
11042023	10:32:02	65899dc2-7ff4-4b68-8d95-ebd7dc185b3c	OPTIONS	/api/user	http://localhost:3000
11042023	10:32:02	70651183-8418-4cf2-b59a-2f390e999081	GET	/api/user	http://localhost:3000
11042023	10:32:40	3db861af-da0e-483b-9d11-568bf863633f	OPTIONS	/api/user	http://localhost:3000
11042023	10:32:40	630407ce-2441-441b-9573-5941a5f595da	GET	/api/user	http://localhost:3000
11042023	10:33:40	1cfdeba9-54cc-4774-9acd-98b305be7901	OPTIONS	/api/user	http://localhost:3000
11042023	10:33:40	61d2f193-6100-4a96-a4f9-5c53ffc0ed47	GET	/api/user	http://localhost:3000
11042023	10:34:28	3049dffb-aa7e-4dfe-aa61-d2881cbbff4f	OPTIONS	/api/user	http://localhost:3000
11042023	10:34:28	4bc98c69-ef26-4bab-ba16-4941f414a057	GET	/api/user	http://localhost:3000
15042023	08:01:35	c58b2b76-bbeb-4013-9843-c2e7b7024f0d	GET	/api/user	undefined
15042023	08:03:32	c416da2e-1cd2-43e7-bc91-7b1578c717f5	POST	/api/auth/logout	http://localhost:3000
15042023	08:04:35	c6b87123-88e3-445a-85ad-592565b30ac2	OPTIONS	/api/auth/login	http://localhost:3000
15042023	08:04:35	3b730461-e9bd-4dbf-bd9c-2427c959d5a8	POST	/api/auth/login	http://localhost:3000
15042023	08:05:49	bcb28c21-de3a-4b52-b866-cecdced0434e	OPTIONS	/api/auth/login	http://localhost:3000
15042023	08:05:49	7e5f32bd-3360-4fae-a0b3-5707f6357c47	POST	/api/auth/login	http://localhost:3000
15042023	08:06:00	c2f68e27-5ab5-4256-81a0-47067836a6e5	OPTIONS	/api/auth/login	http://localhost:3000
15042023	08:06:00	a299a0d5-3445-4fa1-b57e-561fa07d3337	POST	/api/auth/login	http://localhost:3000
15042023	08:06:00	3a1f2208-03af-4de4-8a57-15fc77c01bc2	OPTIONS	/api/user	http://localhost:3000
15042023	08:06:00	c28e1c2b-b34a-44d5-8893-bbaca458f74b	GET	/api/user	http://localhost:3000
15042023	08:07:08	b288bca7-46c5-4a14-a122-e042f2fb5905	OPTIONS	/api/auth/logout	http://localhost:3000
15042023	08:07:08	c79cbe77-1e9a-43e5-8ff3-f0d45b7770f1	POST	/api/auth/logout	http://localhost:3000
15042023	08:07:34	652fc40f-c515-4c8e-8b97-8468e81b42f8	OPTIONS	/api/auth/login	http://localhost:3000
15042023	08:07:34	f0d7aa10-bab0-442b-a06c-01aa6ca5ba5f	POST	/api/auth/login	http://localhost:3000
15042023	08:11:27	b462cd1c-55da-46b7-aea0-d021a6b9befd	OPTIONS	/api/auth/login	http://localhost:3000
15042023	08:11:27	0f319f92-c97a-440d-8be3-f65405393e4a	POST	/api/auth/login	http://localhost:3000
15042023	08:19:24	87f00b9d-75af-4293-ab24-029f3c5196ed	OPTIONS	/api/auth/register	http://localhost:3000
15042023	08:19:24	3dadfcf5-2e5f-4748-b950-88a679a2f20a	POST	/api/auth/register	http://localhost:3000
15042023	08:19:43	39ae06a7-da08-496f-9b59-49942dac388b	OPTIONS	/api/auth/update/login	http://localhost:3000
15042023	08:19:43	2363d36a-1b5e-4aea-81a4-3b874baeee3e	PUT	/api/auth/update/login	http://localhost:3000
15042023	08:19:43	d18a202f-269c-4c7e-b0c6-6613da0ef3bf	OPTIONS	/api/user	http://localhost:3000
15042023	08:19:43	85b523dc-9983-478d-acc1-e3ee5873d662	GET	/api/user	http://localhost:3000
15042023	08:19:53	7922601f-1acd-46ab-bbdd-203578f2e9e5	OPTIONS	/api/user	http://localhost:3000
15042023	08:19:53	6ef280da-99fa-45d8-a292-f41ae102cfbe	GET	/api/user	http://localhost:3000
15042023	08:19:57	d1abda30-56aa-4788-99ce-f09a40dbdd5b	GET	/api/user	http://localhost:3000
15042023	08:20:02	90ecc0b1-89aa-4adf-b143-824e7cdd43ff	GET	/api/user	undefined
15042023	08:20:27	7f1cfc55-ad30-4625-ab5f-8a8421b0a292	OPTIONS	/api/user	http://localhost:3000
15042023	08:20:27	e029c61b-752d-449f-83e7-8897a747dce6	GET	/api/user	http://localhost:3000
15042023	08:20:31	173da4df-659f-426b-9470-b027743fadeb	OPTIONS	/api/auth/logout	http://localhost:3000
15042023	08:20:31	17ace063-601a-4142-a19c-593e6d48291d	POST	/api/auth/logout	http://localhost:3000
15042023	08:24:09	f88ce62c-311f-4325-b51b-19f716bb06c0	GET	/api/user	undefined
15042023	08:24:50	ea13ec01-f151-4eaa-9079-5fbc413e0ddd	OPTIONS	/api/auth/register	http://localhost:3000
15042023	08:24:50	7f3b4a6e-35a3-444d-90bd-12bd98cd6ff4	POST	/api/auth/register	http://localhost:3000
15042023	08:24:50	043a48bf-b621-434b-b8ce-18607010e2fd	OPTIONS	/api/user	http://localhost:3000
15042023	08:24:50	e37987ac-22f4-4251-a0a2-603fd1d37adb	GET	/api/user	http://localhost:3000
15042023	08:24:53	615659bd-5c8d-4d55-ad0c-6ddc11aed5f9	GET	/api/auth/refresh	http://localhost:3000
15042023	08:24:54	05ddc7ce-4bc3-49df-a8ab-5806baff7ac2	GET	/api/user	http://localhost:3000
15042023	08:25:11	7daef1ba-a43d-4eb2-b20d-ffa1ca30f95c	OPTIONS	/api/user	http://localhost:3000
15042023	08:25:11	7054fd8e-89d3-4936-b205-e3aa7547981a	GET	/api/user	http://localhost:3000
15042023	08:25:20	6c8b1cf0-da10-4bb3-9088-cc371977df54	OPTIONS	/api/user	http://localhost:3000
15042023	08:25:20	8b52ced8-c171-4a14-8981-c223a3d780b8	GET	/api/user	http://localhost:3000
15042023	08:25:37	551b8df9-d412-4970-a930-480a06036866	OPTIONS	/api/user	http://localhost:3000
15042023	08:25:37	abd1bc0a-0c68-4001-a6b1-cf17d78bfc6b	GET	/api/user	http://localhost:3000
15042023	08:26:37	dae3e125-925f-444b-b340-36066bcd8bae	OPTIONS	/api/user	http://localhost:3000
15042023	08:26:37	69cef84e-88d3-4642-a203-3623ac972474	GET	/api/user	http://localhost:3000
15042023	08:27:37	6842ec62-6813-456f-834a-349701b2cc9b	OPTIONS	/api/user	http://localhost:3000
15042023	08:27:37	1011edc4-30e0-4e00-afaa-2151a71013cd	GET	/api/user	http://localhost:3000
15042023	08:28:37	d41bd6f6-267c-4ea5-a80c-1ff22f40f873	OPTIONS	/api/user	http://localhost:3000
15042023	08:28:37	882f403f-3bce-4432-95d9-5d1f6fe9e038	GET	/api/user	http://localhost:3000
15042023	08:29:37	fe324ba4-f668-48f3-b3ca-3f3dfcda6e47	OPTIONS	/api/user	http://localhost:3000
15042023	08:29:37	5bb1f560-5db5-42d5-85be-243a878f8eb9	GET	/api/user	http://localhost:3000
15042023	08:30:38	107d943c-507a-4654-b1bf-b042d4949120	OPTIONS	/api/user	http://localhost:3000
15042023	08:30:38	bac14ee9-5ffc-4aa6-8c68-0b4b0b8a5a48	GET	/api/user	http://localhost:3000
15042023	08:31:38	0cc07dde-8301-4d81-b9d6-41a84465cedc	OPTIONS	/api/user	http://localhost:3000
15042023	08:31:38	a9571026-7b33-414e-ba5c-ed46600ecae9	GET	/api/user	http://localhost:3000
15042023	08:32:38	9c85d365-87c0-42b3-877a-8fb365dd62de	OPTIONS	/api/user	http://localhost:3000
15042023	08:32:38	d79c350a-3b03-4f84-8490-90a61b8d07f2	GET	/api/user	http://localhost:3000
15042023	08:33:38	641fcbc0-fa60-4ec3-86e4-8acad6654a3c	OPTIONS	/api/user	http://localhost:3000
15042023	08:33:38	306ea645-aa9d-4703-9bf5-c9c09e1d92e8	GET	/api/user	http://localhost:3000
15042023	08:34:38	0ca09ffc-cac9-4bba-b26d-eced6d2099f1	OPTIONS	/api/user	http://localhost:3000
15042023	08:34:38	bc58efd7-e97d-48c3-b94d-cf8c244e5b2f	GET	/api/user	http://localhost:3000
15042023	08:35:38	8967a589-43ab-4e35-aabf-8017fa95e935	OPTIONS	/api/user	http://localhost:3000
15042023	08:35:38	9c9e79fd-9857-42fd-953c-31f2b0e4b180	GET	/api/user	http://localhost:3000
15042023	08:36:38	8817dd4d-bced-436f-b58c-e399cb317d08	OPTIONS	/api/user	http://localhost:3000
15042023	08:36:38	0db58081-a2b7-4379-a602-d240896f40fa	GET	/api/user	http://localhost:3000
15042023	08:37:07	a1464001-bad9-492d-81f2-e38fd63a16da	PUT	/api/user/1/update	undefined
15042023	08:37:17	6b9a7115-e233-405d-82ce-c6803b09f602	PUT	/api/user/2/update	undefined
15042023	08:37:38	dd2f8d7b-d902-4903-aa2a-4e6502688fa2	OPTIONS	/api/user	http://localhost:3000
15042023	08:37:38	53718f2a-e0a5-4dec-81b0-3d67b6c04728	GET	/api/user	http://localhost:3000
15042023	08:38:22	1d728b63-9114-4d8b-a96a-58fd7d9b7ddc	GET	/api/user	undefined
15042023	08:38:38	6e6f2043-aea9-475d-9486-8e4a1b401a3b	OPTIONS	/api/user	http://localhost:3000
15042023	08:38:38	07e31c49-66f0-4388-bf0d-6183f71bc707	GET	/api/user	http://localhost:3000
15042023	08:39:09	51903d38-3874-4714-8000-56a48b8a8662	PUT	/api/user/2/update	undefined
15042023	08:39:38	ac850bd8-e8ed-4344-ac3c-d0c749ad413a	OPTIONS	/api/user	http://localhost:3000
15042023	08:39:38	64224256-cccb-4a34-af22-4dc11735bc1d	GET	/api/user	http://localhost:3000
15042023	08:40:38	106df039-c058-4cf7-890d-e0ddcb73303e	OPTIONS	/api/user	http://localhost:3000
15042023	08:40:38	178d9dc9-f389-4620-bb60-2d3026d83e81	GET	/api/user	http://localhost:3000
15042023	08:41:38	96e88991-e1a4-4c36-a2ad-09fbe3fbbe81	OPTIONS	/api/user	http://localhost:3000
15042023	08:41:38	211ea3bf-f60f-450b-a927-2adf5c1cd566	GET	/api/user	http://localhost:3000
15042023	08:42:25	dfc11045-58a5-48e5-8fce-049fc1af85ae	PUT	/api/user/2/update	undefined
15042023	08:42:38	aac2256a-687e-49b2-adf7-33f4f091b9fc	OPTIONS	/api/user	http://localhost:3000
15042023	08:42:38	ed314425-a233-41cb-b981-385955e346b8	GET	/api/user	http://localhost:3000
15042023	08:43:33	4f89a4c4-5e06-4a51-914b-21f875de515c	PUT	/api/user/2/update	undefined
15042023	08:43:39	3b7b2f6a-c094-4e50-8596-8dcce0680757	OPTIONS	/api/user	http://localhost:3000
15042023	08:43:39	cf004be4-cd77-4ce7-bbfa-56a518cdd9d9	GET	/api/user	http://localhost:3000
15042023	08:44:08	77ce2d9a-5bc5-4581-ae0e-4fc31ffb9f31	PATCH	/api/user/2/update	undefined
15042023	08:44:39	5af31aea-d113-4429-a242-711b005a6081	OPTIONS	/api/user	http://localhost:3000
15042023	08:44:39	a7040b66-9fd2-452c-bbf5-a1dfae6cb751	GET	/api/user	http://localhost:3000
15042023	08:44:52	7185d206-8794-456e-87d1-fa6a36390945	PATCH	/api/user/2/update	undefined
15042023	08:45:39	9df2ddd2-2588-403e-bda0-789b7b050275	OPTIONS	/api/user	http://localhost:3000
15042023	08:45:39	bad9aead-46c0-40fc-85b1-b2c1e82cf3e4	GET	/api/user	http://localhost:3000
15042023	08:45:51	a2ed3b8a-e84d-49ff-8218-69b383fa35f5	PATCH	/api/user/2/update	undefined
15042023	08:46:39	56828820-f86b-4179-9461-fec74638e271	OPTIONS	/api/user	http://localhost:3000
15042023	08:46:39	95d0c7f2-67eb-4bcd-8713-2f983092a583	GET	/api/user	http://localhost:3000
15042023	08:47:16	2c066ad6-7f3a-4c79-a8e6-b686fdb502f6	POST	/api/user/2/update	undefined
15042023	08:47:39	790413f7-04f0-4057-8f1a-15e261147148	OPTIONS	/api/user	http://localhost:3000
15042023	08:47:39	92238e8f-4859-4873-a972-4498c812fa1b	GET	/api/user	http://localhost:3000
15042023	08:48:04	6c4f05e5-b5bb-431d-9720-4dcc61d9f8b1	GET	/api/user	undefined
15042023	08:48:39	31deb0d4-7cd9-45d0-a099-7e273b127818	OPTIONS	/api/user	http://localhost:3000
15042023	08:48:39	e9f1a805-f3ee-40df-a59b-cee24570d5e4	GET	/api/user	http://localhost:3000
15042023	08:49:39	c231f060-df2a-46a3-843a-8b66cd478be5	OPTIONS	/api/user	http://localhost:3000
15042023	08:49:39	18df90ff-9c4b-4550-a056-a3d37e900bc6	GET	/api/user	http://localhost:3000
15042023	08:50:21	7e298eb4-1218-43bd-b890-e505d2fc734c	PATCH	/api/user/2/update	undefined
15042023	08:50:36	0e857881-294c-4494-b8f8-c7c630ccc98b	PATCH	/api/user/2/update	undefined
15042023	08:50:39	4ba12850-5d82-4ab2-b14d-741ad91cd399	OPTIONS	/api/user	http://localhost:3000
15042023	08:50:39	9393985d-1107-49e5-8322-d7e7db19d82e	GET	/api/user	http://localhost:3000
15042023	08:51:09	cad54474-018b-4f25-9a01-592249c408a5	PATCH	/api/user/2/update	undefined
15042023	08:51:39	588db44e-4861-4bd6-90f9-1c44f412a0e3	OPTIONS	/api/user	http://localhost:3000
15042023	08:51:39	7951c870-5cff-4975-8b6b-96f165fa9f35	GET	/api/user	http://localhost:3000
15042023	08:52:17	38f7db86-4663-4e81-83eb-7441c58b8242	PATCH	/api/user/2/update	undefined
15042023	08:52:39	b3709704-73ec-45a5-af8e-01b1b06e4e3a	OPTIONS	/api/user	http://localhost:3000
15042023	08:52:39	2680932f-3250-49aa-8c59-d7650ee36179	GET	/api/user	http://localhost:3000
15042023	08:52:48	1ca6ad04-4379-4fa8-9b8a-13e2e4deb911	PATCH	/api/user/2/update	undefined
15042023	08:53:05	9b8e667d-5d7b-4659-83a0-a631b18760f3	PATCH	/api/user/2/update	undefined
15042023	08:53:39	d3b7d351-9b7d-47de-8d6a-c209011dc372	OPTIONS	/api/user	http://localhost:3000
15042023	08:53:39	e4d23cce-702b-40be-97ba-2d8ef47f1609	GET	/api/user	http://localhost:3000
15042023	08:54:39	53f1b08a-cd39-4385-a68d-ef7e29bda392	OPTIONS	/api/user	http://localhost:3000
15042023	08:54:39	7ee8bc00-f22e-4141-8395-a87ba623ad72	GET	/api/user	http://localhost:3000
15042023	08:54:42	a4cafcf9-110f-4ea2-89a0-08c4e55efeb1	POST	/api/auth/login	undefined
15042023	08:55:39	115fed9b-9623-4170-8408-4d7c27768db5	OPTIONS	/api/user	http://localhost:3000
15042023	08:55:39	5047c413-fdd9-4119-9ec2-54f4e43203be	GET	/api/user	http://localhost:3000
15042023	08:55:41	8ab32d13-0e95-4ac4-b4dc-a655d91a25fd	PATCH	/api/user/2/update	undefined
15042023	08:56:40	4496ef9e-79d4-4b77-b8a2-539ae6ef744c	OPTIONS	/api/user	http://localhost:3000
15042023	08:56:40	8933baa9-01f1-4145-bfe9-7f70b907c7fb	GET	/api/user	http://localhost:3000
15042023	08:57:07	5ef71168-011e-4257-a595-24c0b52a3e8b	POST	/api/auth/login	undefined
15042023	08:57:35	08edb0b8-b851-4fdc-a23c-b34a4173d980	GET	/api/user	undefined
15042023	08:57:40	2f5628aa-954e-4d92-a5f1-80fca743ce62	OPTIONS	/api/user	http://localhost:3000
15042023	08:57:40	12b80b2a-eec6-4f7f-9d46-f08ad96909af	GET	/api/user	http://localhost:3000
15042023	08:58:40	e467017d-44f5-4d63-863a-460aef15c840	OPTIONS	/api/user	http://localhost:3000
15042023	08:58:40	d0a8915c-4296-41f0-9d65-0f142d130590	GET	/api/user	http://localhost:3000
15042023	08:59:11	752e9d67-534a-49cd-bf64-7fc027871bf3	PUT	/api/user/3/soft/delete	undefined
15042023	08:59:33	c6cdba89-2862-486a-a909-eb5dde6e9998	PUT	/api/user/2/soft/delete	undefined
15042023	08:59:40	22718143-136b-4ca1-a9b4-2187a6a1cd2e	OPTIONS	/api/user	http://localhost:3000
15042023	08:59:40	3949f96b-4fe9-4afa-8e25-ef3ef857e3cd	GET	/api/user	http://localhost:3000
15042023	08:59:57	a1e57749-5d66-4429-abfd-4b56f832a21a	DELETE	/api/user/2/soft/delete	undefined
15042023	09:00:19	052f1f18-6985-4466-8b64-34ac4c365b5c	GET	/api/user	undefined
15042023	09:00:40	5117fd19-f845-4823-8581-9513fe58cafd	OPTIONS	/api/user	http://localhost:3000
15042023	09:00:40	99c76718-0f7b-498f-ab9a-f91dad00ba27	GET	/api/user	http://localhost:3000
15042023	09:01:40	2f0043a9-0cbc-444d-acbd-d2c66e212703	OPTIONS	/api/user	http://localhost:3000
15042023	09:01:40	d038bb9e-045e-4bbc-b094-8266a9dec81d	GET	/api/user	http://localhost:3000
15042023	09:02:00	b0f41706-4c9d-45cb-a569-e5421c67d3cb	DELETE	/api/user/2/soft/delete	undefined
15042023	09:02:40	3826107b-c15c-4cea-80e9-6b1be37a2ba1	OPTIONS	/api/user	http://localhost:3000
15042023	09:02:40	ad70b31b-7d20-4aa4-86b8-fe24712b2c97	GET	/api/user	http://localhost:3000
15042023	09:02:44	397ec56a-2778-43c9-acb7-39f5b0c4e2ff	DELETE	/api/user/2/soft/delete	undefined
15042023	09:03:40	5571f436-1404-427f-ac90-e6159c4969c2	OPTIONS	/api/user	http://localhost:3000
15042023	09:03:40	33b277b7-f103-42d4-bab7-3ca2a176d335	GET	/api/user	http://localhost:3000
15042023	09:04:40	3bf3743f-2081-46ad-b574-99dffd220259	OPTIONS	/api/user	http://localhost:3000
15042023	09:04:40	5938e1e0-77af-4c2f-8723-e36d7755d7e3	GET	/api/user	http://localhost:3000
15042023	09:04:43	397c7335-eaca-41d0-9b58-3aceea8079b8	DELETE	/api/user/2/soft/delete	undefined
15042023	09:05:40	770dd858-d217-4b07-88f1-44a75a07dcc7	OPTIONS	/api/user	http://localhost:3000
15042023	09:05:40	52319417-e143-4f3c-bd09-7ae11266e781	GET	/api/user	http://localhost:3000
15042023	09:06:02	e3a50a9b-b9a1-46c5-83f3-b6783adb06e6	DELETE	/api/user/2/soft/delete	undefined
15042023	09:06:19	e0f191a0-0835-400a-8599-edeb25d07d41	DELETE	/api/user/2/soft/delete	undefined
15042023	09:06:40	1b8776ee-427b-4be1-af66-d901f0e8477d	OPTIONS	/api/user	http://localhost:3000
15042023	09:06:40	6ea8d513-e8d3-4990-b7b0-7fd190519474	GET	/api/user	http://localhost:3000
15042023	09:07:01	83d322b6-e5a4-4cb5-906b-3dad50a85858	DELETE	/api/user/2/soft/delete	undefined
15042023	09:07:41	da6c5dab-a1ec-426f-8fc2-812ab405d812	OPTIONS	/api/user	http://localhost:3000
15042023	09:07:41	cc34420a-0d11-4c67-af9e-ae9cb841e9d5	GET	/api/user	http://localhost:3000
15042023	09:08:11	2dab7573-e95c-4a36-b196-09b08d305077	OPTIONS	/api/user	http://localhost:3000
15042023	09:08:11	b368596f-4fdd-4762-98f6-8c3e8907c4d2	GET	/api/user	http://localhost:3000
15042023	09:09:11	450eadd7-cd49-42fd-8359-246ec769a3fc	OPTIONS	/api/user	http://localhost:3000
15042023	09:09:11	d2a541ac-6c78-4de8-b67f-9ff53b43f1d3	GET	/api/user	http://localhost:3000
15042023	09:10:12	9a181c45-7a48-452a-8512-8f4318eaff83	OPTIONS	/api/user	http://localhost:3000
15042023	09:10:12	7ffe5f6c-265a-47e3-b9d6-d461911560f4	GET	/api/user	http://localhost:3000
15042023	09:10:16	5f9abc71-45df-45fe-a36c-e36f897bde44	GET	/api/user	http://localhost:3000
15042023	09:10:18	31d1eb60-03ea-482e-8820-334e7f63ba2c	OPTIONS	/api/auth/logout	http://localhost:3000
15042023	09:10:18	fd754c35-9cec-4e58-af01-82c0249e354e	POST	/api/auth/logout	http://localhost:3000
15042023	09:10:26	b131cea4-bf5a-4e2d-bd2b-dae903e268c2	OPTIONS	/api/auth/register	http://localhost:3000
15042023	09:10:26	54ea192f-3e20-4226-a543-9df580d37fd0	POST	/api/auth/register	http://localhost:3000
15042023	09:10:47	a5e74cc1-27c6-4ee3-b9d9-36cad791d99e	OPTIONS	/api/auth/update/login	http://localhost:3000
15042023	09:10:47	9d64454f-5e2d-4381-8b6d-d850ab20eda4	PUT	/api/auth/update/login	http://localhost:3000
15042023	09:10:47	49276076-f07b-47a3-9c04-76b889e47200	OPTIONS	/api/user	http://localhost:3000
15042023	09:10:47	acadb200-941a-4864-a705-ceaf7e0c10c7	GET	/api/user	http://localhost:3000
15042023	09:11:47	edd9ad2d-116e-450a-b0c2-e175dbb55e77	OPTIONS	/api/user	http://localhost:3000
15042023	09:11:47	560cc8fc-a2de-4a54-8649-b28b3cf20033	GET	/api/user	http://localhost:3000
15042023	09:12:47	7af350d8-3c4b-41e4-a170-a3c2039ee641	OPTIONS	/api/user	http://localhost:3000
15042023	09:12:47	cc5a9a75-7ea5-439f-b1cf-c862e7a08816	GET	/api/user	http://localhost:3000
15042023	09:13:31	4fef3d03-b427-45cb-83d4-63c14fa3070f	OPTIONS	/api/user	http://localhost:3000
15042023	09:13:31	70a43fb4-ca41-4cc3-b680-0fcf81e7908f	GET	/api/user	http://localhost:3000
15042023	09:13:48	8113d967-4892-4368-816d-a1bd63cf2497	PATCH	/api/user/2/update	undefined
15042023	09:13:53	0880067a-3dd4-4d1b-a8bd-6ddbe2c6b066	OPTIONS	/api/user	http://localhost:3000
15042023	09:13:53	219932d9-d0e6-43fa-96da-8ba9be3784af	GET	/api/user	http://localhost:3000
15042023	09:14:42	760e27f4-d663-4ba2-9692-9f5226814b10	PUT	/api/user/2/change/password	undefined
15042023	09:14:45	c66af1b8-bafd-45a5-b8b5-f5e33fbc361e	OPTIONS	/api/user	http://localhost:3000
15042023	09:14:45	f01d4e43-f7a6-4666-b8c2-e90f50ef2895	GET	/api/user	http://localhost:3000
15042023	09:15:46	06928e6c-9112-4edb-8e6c-d12997410e99	OPTIONS	/api/user	http://localhost:3000
15042023	09:15:46	f34ec3b8-4152-44e6-bece-e571fc587da8	GET	/api/user	http://localhost:3000
15042023	09:16:46	188b3c7b-784a-4a8d-990b-e5f258765a1d	OPTIONS	/api/user	http://localhost:3000
15042023	09:16:46	fda221aa-a3ee-4f0a-ba5e-81407cd38bab	GET	/api/user	http://localhost:3000
15042023	09:17:46	ead3a328-6c46-4081-8693-a64590ce34cf	OPTIONS	/api/user	http://localhost:3000
15042023	09:17:46	13dab1f8-bed6-44ce-a1e0-519cf6b6d859	GET	/api/user	http://localhost:3000
15042023	09:18:46	43034c85-6253-4cd3-9929-0b2e8d4d84ca	OPTIONS	/api/user	http://localhost:3000
15042023	09:18:46	35b1bf1a-7d43-434c-9238-90dd528c5e3d	GET	/api/user	http://localhost:3000
15042023	09:18:49	40b8d235-6b00-4735-b8ec-1accebc67231	GET	/api/user	undefined
15042023	09:19:02	6b080a88-0561-4b81-9bea-551829d318fa	OPTIONS	/api/user	http://localhost:3000
15042023	09:19:02	ce2cc14e-fee0-4a5a-9203-dd7b02c2fefb	GET	/api/user	http://localhost:3000
15042023	09:19:47	3409cae0-dec5-48b2-9043-5918579c72a1	OPTIONS	/api/user	http://localhost:3000
15042023	09:19:47	9f00cd67-effd-44d6-bb65-be638b32584c	GET	/api/user	http://localhost:3000
15042023	09:19:49	47508f5d-4583-4afe-a1f7-883e27d0121a	GET	/api/user	http://localhost:3000
15042023	09:20:50	7c6a3f84-ccaa-43d3-9f40-433cca17631b	OPTIONS	/api/user	http://localhost:3000
15042023	09:20:50	13f43bbd-d4ff-42a7-bc7d-ec4239f3806e	GET	/api/user	http://localhost:3000
15042023	09:21:51	8bf78d8d-85ef-4fca-993a-31209b34285d	OPTIONS	/api/user	http://localhost:3000
15042023	09:21:51	4c59b7bb-38ad-4878-b32c-ba0d46d287ee	GET	/api/user	http://localhost:3000
15042023	09:22:52	879e5bc9-af60-41d7-823a-cbbed6473859	OPTIONS	/api/user	http://localhost:3000
15042023	09:22:52	0012ade6-1efd-4c51-b99e-c283a06e11ff	GET	/api/user	http://localhost:3000
15042023	09:23:45	ccef461c-ebd3-4a71-bacf-ffbde222fb3c	OPTIONS	/api/user	http://localhost:3000
15042023	09:23:45	6b53e6d9-6a42-4cbf-9784-98c386fad422	GET	/api/user	http://localhost:3000
15042023	09:23:48	f1218848-bd96-4162-9b7e-968f22a649cd	OPTIONS	/api/auth/logout	http://localhost:3000
15042023	09:23:48	e68e9627-6ce5-4110-8363-a4f62ca28177	POST	/api/auth/logout	http://localhost:3000
15042023	09:42:32	b246ac49-f481-46a4-956c-91a5c4582a22	GET	/api/product/	undefined
15042023	11:27:24	5e1ed0b4-944f-4308-9649-6e824974aa45	GET	/api/user	undefined
15042023	11:35:36	cff296f1-4cd7-49f9-a680-cdca9f521f2a	GET	/api/user	undefined
15042023	11:35:51	74a4cdaf-91ac-4085-9fa3-00a786329ec3	GET	/api/user	undefined
15042023	11:36:53	91d99952-1d43-4cd5-b77b-fb5acb22c952	GET	/api/user	undefined
15042023	11:38:31	0fc9eb51-8231-4b01-97a5-3b43bb123462	GET	/api/user	undefined
15042023	11:40:12	820fc87b-361e-4ef4-acac-f47ad303e160	GET	/api/user	undefined
16042023	08:58:23	ce25c082-ee1a-4711-a5b1-b341c750497d	POST	/api/product/create	undefined
16042023	09:01:05	deac4d16-b2b9-47b0-9c50-460100609b3f	POST	/api/product/create	undefined
16042023	09:02:16	234b8e34-1757-461f-9c1f-2fe15ae04689	POST	/api/product/create	undefined
16042023	09:02:38	aea463ae-7873-4efe-9fd4-ee3eab9ee439	POST	/api/product/create	undefined
16042023	09:05:51	cbae6277-7ef7-4505-a3fc-fa3fb2e5f3ad	POST	/api/product/create	undefined
16042023	09:06:53	a8b83ec8-2dd6-4a71-86ff-058584a6f40c	POST	/api/product/create	undefined
16042023	09:11:58	6da68d11-b9ba-452f-87d1-934399df463a	POST	/api/product/create	undefined
16042023	09:11:59	12ac5fe3-528e-4e4b-8ee6-8fc221248fbd	POST	/api/product/create	undefined
16042023	09:13:42	4ac587df-5987-4859-8f48-e4f50b3ad4e7	GET	/api/user	undefined
16042023	09:19:32	933b9ee1-fbeb-4837-8a7e-2f6893c00002	OPTIONS	/api/auth/register	http://localhost:3000
16042023	09:19:32	04680da5-eaff-4da7-a68a-03799c3e5bcc	POST	/api/auth/register	http://localhost:3000
16042023	09:19:46	f45f3f18-e35b-44c5-842e-d615c01440ec	OPTIONS	/api/auth/update/login	http://localhost:3000
16042023	09:19:46	c50f1654-6950-42d1-b1a9-46763b72e89e	PUT	/api/auth/update/login	http://localhost:3000
16042023	09:19:46	0d69e8a3-3203-4968-a775-738d406f6c2b	OPTIONS	/api/user	http://localhost:3000
16042023	09:19:46	b0841b86-3a55-48a2-9a54-b3a60ed1de55	GET	/api/user	http://localhost:3000
16042023	09:20:32	9ee2839d-0f98-42e5-aec0-1a942e6537f9	POST	/api/product/create	undefined
16042023	09:20:46	1b543cff-8e7e-43ba-94fb-76a3030cbdf5	OPTIONS	/api/user	http://localhost:3000
16042023	09:20:46	c8b0de16-f4e7-4e27-978c-bd94046a4325	GET	/api/user	http://localhost:3000
16042023	09:21:46	6eb41863-0430-4350-8117-bc569e99af36	OPTIONS	/api/user	http://localhost:3000
16042023	09:21:46	58bad2d0-02cb-4283-9879-44250d5f7c44	GET	/api/user	http://localhost:3000
16042023	09:22:19	ab4f502c-f20a-4de5-b424-ff0872f21c6a	OPTIONS	/api/user	http://localhost:3000
16042023	09:22:19	a7d7a996-bc5f-4010-ba56-8ff3b6ebb22d	GET	/api/user	http://localhost:3000
16042023	09:23:19	471a29c2-76a1-4533-8e7b-f727ba3d3fd1	OPTIONS	/api/user	http://localhost:3000
16042023	09:23:19	96fdaf59-b4ea-4b25-9cf3-ceff7215d8d0	GET	/api/user	http://localhost:3000
16042023	09:24:19	d22c7cb0-82aa-4c75-9ce2-b3068cedb13f	OPTIONS	/api/user	http://localhost:3000
16042023	09:24:19	6b8353eb-cca2-4397-86dc-1706e784d499	GET	/api/user	http://localhost:3000
16042023	09:24:53	9319bcff-be91-458a-a8ce-58e0310f3410	OPTIONS	/api/user	http://localhost:3000
16042023	09:24:53	3aca2bb4-b693-4c6a-be6e-76d130790883	GET	/api/user	http://localhost:3000
16042023	09:24:57	eb354d12-f77f-4ae5-9058-99d907649bab	GET	/api/auth/refresh	http://localhost:3000
16042023	09:28:32	46a43de0-8fae-4a15-b726-759538e52b53	OPTIONS	/api/user	http://localhost:3000
16042023	09:28:32	43287d83-4f4a-4235-bb15-4a8c80c33cf2	GET	/api/user	http://localhost:3000
16042023	09:29:32	42481258-429c-4fc3-ab37-da54e6514ed4	OPTIONS	/api/user	http://localhost:3000
16042023	09:29:32	2b3f1d5b-ac7c-4c4d-b13e-8ed1aff11a0a	GET	/api/user	http://localhost:3000
16042023	09:29:56	013ac395-8178-43ef-ba6d-c158f382a421	GET	/api/product	undefined
16042023	09:30:32	6365114b-97af-4b5d-a566-d172a60f07f3	OPTIONS	/api/user	http://localhost:3000
16042023	09:30:32	3e479859-cd2d-4ba1-990c-669742d8062c	GET	/api/user	http://localhost:3000
16042023	09:31:32	9e8bc102-04c6-427d-bf2a-144fe3938ae9	OPTIONS	/api/user	http://localhost:3000
16042023	09:31:32	6dabe3fc-d171-4a21-ae80-eacdd64182d9	GET	/api/user	http://localhost:3000
16042023	09:31:43	c39d99a2-ee63-4b42-822c-668929bf2ed5	GET	/api/product	undefined
16042023	09:32:32	e598517e-95c6-496d-abe7-ec3af49a1f82	OPTIONS	/api/user	http://localhost:3000
16042023	09:32:32	d82c82ac-e87d-40d6-99ee-a6661316e810	GET	/api/user	http://localhost:3000
16042023	09:32:38	8b054ce4-e7ac-42d8-8ea0-50bb0fd8acce	GET	/api/product	undefined
16042023	09:32:58	2bae3e64-c0b7-4b29-9e48-139083f64346	OPTIONS	/api/user	http://localhost:3000
16042023	09:32:58	ca230168-90ae-4acd-bedf-a8f7cc9efdcf	GET	/api/user	http://localhost:3000
16042023	09:33:05	f8f4440a-1ad2-43ed-ab13-f0b7514cddd6	GET	/api/auth/refresh	http://localhost:3000
16042023	09:33:18	bd19c135-6922-4924-837a-38b0421c7b6d	GET	/api/product	undefined
16042023	09:35:18	60a9f8e5-e149-499e-acb6-cebfedabd9aa	OPTIONS	/api/user	http://localhost:3000
16042023	09:35:18	b47a4014-f471-4b48-89fd-353648e18d7c	GET	/api/user	http://localhost:3000
16042023	09:35:21	4c262817-58ee-40b7-83e3-295dce782261	GET	/api/auth/refresh	http://localhost:3000
16042023	09:38:15	b500d520-1fc0-4050-9bb8-ff30b958e72a	OPTIONS	/api/user	http://localhost:3000
16042023	09:38:15	c979b603-b471-4115-84f5-80dd6a7a16eb	GET	/api/user	http://localhost:3000
16042023	09:39:16	3c94128a-df90-4637-a4fc-cbd6ca658ba0	OPTIONS	/api/user	http://localhost:3000
16042023	09:39:16	353f405f-e2c8-4617-937d-829156350ecf	GET	/api/user	http://localhost:3000
16042023	09:40:16	03dc77c2-af15-46d5-b315-666435cd1d28	OPTIONS	/api/user	http://localhost:3000
16042023	09:40:16	08075f02-669d-4760-97f8-f6cac3a7fbdb	GET	/api/user	http://localhost:3000
16042023	09:40:57	e26cd09f-834f-4e7b-92ea-3227ccef2e96	OPTIONS	/api/user	http://localhost:3000
16042023	09:40:57	cf61c712-68cb-4201-81ed-44eb1f9d968d	GET	/api/user	http://localhost:3000
16042023	09:41:13	f454739f-41a1-4744-a2f5-49dc70dc02af	OPTIONS	/api/user	http://localhost:3000
16042023	09:41:13	0176ba76-0640-435c-ad40-fcf3968b19c0	OPTIONS	/api/product	http://localhost:3000
16042023	09:41:13	90e6c5cc-14dd-4a41-b068-1204189f0051	GET	/api/user	http://localhost:3000
16042023	09:41:13	dfa1c033-0135-46d6-b0e1-dc122fc321d1	GET	/api/product	http://localhost:3000
16042023	09:41:39	f49abd77-2ccb-491c-b8d5-bc5ac5f0c92b	OPTIONS	/api/user	http://localhost:3000
16042023	09:41:39	d96ad96f-3cf3-40dc-b0e5-d05f09554d2a	OPTIONS	/api/product	http://localhost:3000
16042023	09:41:39	d18759e2-fb4a-4b24-80b6-c75c7f1dd107	GET	/api/user	http://localhost:3000
16042023	09:41:39	8c2ed458-1a89-4e84-a342-57230355a976	GET	/api/product	http://localhost:3000
16042023	09:41:45	a96d0343-260b-4ee4-86b0-6907164375f8	OPTIONS	/api/user	http://localhost:3000
16042023	09:41:45	b25fd3a1-c99c-4aec-97cc-5e94895ae8aa	GET	/api/user	http://localhost:3000
16042023	09:41:46	daf11703-40e5-46c1-b8a0-4c75ff245d7c	GET	/api/product	http://localhost:3000
16042023	09:41:46	ec0395e2-c900-4cd9-b5bf-0e0c68bde0cb	GET	/api/auth/refresh	http://localhost:3000
16042023	09:41:46	743b8d3d-fba2-4371-b3fd-50da1c407e81	GET	/api/user	http://localhost:3000
16042023	09:42:47	5a83187c-18ce-4d82-bdb3-5ebe84cfb780	OPTIONS	/api/user	http://localhost:3000
16042023	09:42:47	2f9d92a5-017f-499f-acbb-978c8627e59c	GET	/api/user	http://localhost:3000
16042023	09:43:47	a45efecb-dbfd-43b6-9bc1-83e8aa1955e1	OPTIONS	/api/user	http://localhost:3000
16042023	09:43:47	cdd8ef37-3f35-477d-adc7-d8be94b1ef87	GET	/api/user	http://localhost:3000
16042023	09:44:47	dd2d5e71-d6ff-49cb-9021-f8c0e57051f1	OPTIONS	/api/user	http://localhost:3000
16042023	09:44:47	39b45018-6c76-4246-93d9-3ebe53cfef43	GET	/api/user	http://localhost:3000
16042023	09:45:47	76f4010a-65c4-4aa7-9259-ec9e817e1eac	OPTIONS	/api/user	http://localhost:3000
16042023	09:45:47	a50c3c24-2768-45d2-a44b-60ea52c74441	GET	/api/user	http://localhost:3000
16042023	09:45:50	27b2fc25-c2a2-4742-bf2b-fa101abc45d3	GET	/api/user	http://localhost:3000
16042023	09:46:02	89568615-0ea8-4d82-a53c-b6bd926a0e19	OPTIONS	/api/auth/logout	http://localhost:3000
16042023	09:46:02	96eb1be8-c5de-49b8-a06c-e3cbdb7b59f0	POST	/api/auth/logout	http://localhost:3000
16042023	09:46:25	bec39322-1484-4da8-bdb5-00920daf8d1c	OPTIONS	/api/auth/login	http://localhost:3000
16042023	09:46:25	50f639a8-0379-49eb-91ff-9d652377b556	POST	/api/auth/login	http://localhost:3000
16042023	09:46:25	57a9bbe8-bb39-437f-85cd-9d0512de4f2f	OPTIONS	/api/user	http://localhost:3000
16042023	09:46:25	a41d780b-7140-4bf1-bc5d-6163b41805b3	GET	/api/user	http://localhost:3000
16042023	09:47:18	6dbf11aa-714b-485e-a9c1-9dd3b270c9d8	OPTIONS	/api/user	http://localhost:3000
16042023	09:47:18	c0ea4360-e08b-4ca5-9dd5-a312c25cb62a	GET	/api/user	http://localhost:3000
16042023	09:47:23	bb743794-2aff-486b-bbc1-4efc4c35dac4	GET	/api/auth/refresh	http://localhost:3000
16042023	09:47:23	972fd707-c302-4a02-814b-c71a7aa83b6a	GET	/api/product	http://localhost:3000
16042023	09:47:23	b41a985d-7b04-4ab5-833e-c9cfc046736a	GET	/api/user	http://localhost:3000
16042023	09:48:23	df197ac3-bc00-415b-8354-def7551d6a27	OPTIONS	/api/user	http://localhost:3000
16042023	09:48:23	35c38478-f1c4-4d25-8dfd-9ae853eb57cc	GET	/api/user	http://localhost:3000
16042023	09:49:23	1e06d2c9-f03d-4a97-bfc9-387268b0f77a	OPTIONS	/api/user	http://localhost:3000
16042023	09:49:23	ccc0b37d-6869-4288-a909-7aad25850be6	GET	/api/user	http://localhost:3000
16042023	09:50:23	565eeee8-c2ad-4c18-82c3-5cdefd9ee7a9	OPTIONS	/api/user	http://localhost:3000
16042023	09:50:23	ae64f2c8-a514-4b33-bf13-2682cde22431	GET	/api/user	http://localhost:3000
16042023	09:51:23	55d47832-1662-437b-afbd-fcf858458c62	OPTIONS	/api/user	http://localhost:3000
16042023	09:51:23	5205eef3-1eda-4601-b548-f2639c158e5b	GET	/api/user	http://localhost:3000
16042023	09:52:07	fdc916be-9439-4d4a-9096-54d4a2f0f9b4	OPTIONS	/api/user	http://localhost:3000
16042023	09:52:07	df8fc225-60b1-47c7-b7ea-79b89afcd67b	GET	/api/user	http://localhost:3000
16042023	09:53:07	43beeda1-7499-4178-9957-1a2eda6f5a9c	OPTIONS	/api/user	http://localhost:3000
16042023	09:53:07	8ca9438e-0ba2-4d3b-82b1-8d1b1492e849	GET	/api/user	http://localhost:3000
16042023	09:54:08	20d2631f-20d0-4193-9aea-dc58840826d2	OPTIONS	/api/user	http://localhost:3000
16042023	09:54:08	2c1095c4-3afd-4019-95d5-3f42150dce2b	GET	/api/user	http://localhost:3000
16042023	09:55:02	3192da68-ea09-4ec0-917e-f1926f95ec4a	OPTIONS	/api/product	http://localhost:3000
16042023	09:55:02	ccb9adf3-a15a-4a89-82dd-0b543349354a	GET	/api/product	http://localhost:3000
16042023	09:55:09	06ff2195-939d-4ced-8c93-bf9f81517da7	OPTIONS	/api/user	http://localhost:3000
16042023	09:55:09	1b71bf7e-da6a-4d5c-967f-7314f758cc77	GET	/api/user	http://localhost:3000
16042023	09:56:10	8ae730e3-e83e-43b3-95f1-346b0a7fbf9a	OPTIONS	/api/user	http://localhost:3000
16042023	09:56:10	b0f3a6ac-e3cc-4843-8c42-b09f8c8a51c9	GET	/api/user	http://localhost:3000
16042023	09:57:11	2411ca9b-1ee2-47bc-824c-fe0691cbc945	OPTIONS	/api/user	http://localhost:3000
16042023	09:57:11	83d04c0b-c12a-4ac8-aa73-6d64f008233c	GET	/api/user	http://localhost:3000
16042023	09:58:12	c0359887-8414-489d-857d-a7f4b9dab052	OPTIONS	/api/user	http://localhost:3000
16042023	09:58:12	a48da7ac-1f6f-4214-ae21-8e937384a6ed	GET	/api/user	http://localhost:3000
16042023	09:59:13	099e5ac9-76d5-43da-aa39-10a271ec25dd	OPTIONS	/api/user	http://localhost:3000
16042023	09:59:13	25c0f870-3af2-410e-94c5-e47a4b4b2d0a	GET	/api/user	http://localhost:3000
16042023	10:00:14	0092f20b-14a7-4987-a6da-e0b44ed03957	OPTIONS	/api/user	http://localhost:3000
16042023	10:00:14	0ff99ab4-420c-421b-9b69-f495bce4b1db	GET	/api/user	http://localhost:3000
16042023	10:01:15	309ab3ab-a9fc-461d-bef9-f69490560451	OPTIONS	/api/user	http://localhost:3000
16042023	10:01:15	1b73667d-8289-4fcb-aa96-ae609aecd9e5	GET	/api/user	http://localhost:3000
16042023	10:02:16	79dfe52f-2c29-46d0-aac9-0ebafbb43e3c	OPTIONS	/api/user	http://localhost:3000
16042023	10:02:16	2d99d4ae-7655-4258-9e0b-0b6816d3eb9a	GET	/api/user	http://localhost:3000
16042023	10:03:17	e5aaff1b-ba7a-4d12-a12c-fb0a3e985ef1	OPTIONS	/api/user	http://localhost:3000
16042023	10:03:17	6ef4cc22-c17c-4b95-a2b3-81c19bd43753	GET	/api/user	http://localhost:3000
16042023	10:04:18	00e1e71a-0a5a-4c29-a660-28ea0ffe4f54	OPTIONS	/api/user	http://localhost:3000
16042023	10:04:18	59e95aa0-a48f-4367-a8bb-09c7dac926a3	GET	/api/user	http://localhost:3000
16042023	10:05:19	7b37f260-43e2-481e-b080-d2554712a98b	OPTIONS	/api/user	http://localhost:3000
16042023	10:05:19	babe4442-da9f-496a-b996-b61b60be19e4	GET	/api/user	http://localhost:3000
16042023	10:06:20	a1d77cc4-ab67-424f-8f3c-a3991f203e2e	OPTIONS	/api/user	http://localhost:3000
16042023	10:06:20	f89d5386-2eb5-43fb-bc3e-6ec7b5b51394	GET	/api/user	http://localhost:3000
16042023	10:07:21	698456be-b1a2-4617-955c-d8d940354cf5	OPTIONS	/api/user	http://localhost:3000
16042023	10:07:21	00c5003a-627f-46fd-b6ce-797fff345c53	GET	/api/user	http://localhost:3000
16042023	10:16:49	b9c53bdc-4508-4a0b-b333-ce3cd30d50e0	OPTIONS	/api/user	http://localhost:3000
16042023	10:16:49	475c9002-5171-4c14-92e7-7f20ef3aaea9	GET	/api/user	http://localhost:3000
16042023	10:17:50	2cf21264-1843-441e-ac75-c578ab3714f0	OPTIONS	/api/user	http://localhost:3000
16042023	10:17:50	ce184674-55fe-4afe-bde6-f05bc0019028	GET	/api/user	http://localhost:3000
16042023	10:18:47	5c638cea-3988-4dd2-9e5e-3f76a8d2c496	OPTIONS	/api/user	http://localhost:3000
16042023	10:18:47	e99e0e60-b62f-4d13-a878-37c52ccbf65e	GET	/api/user	http://localhost:3000
16042023	10:18:52	1e59264a-5548-4502-a9fa-371e1b2a4e89	OPTIONS	/api/auth/logout	http://localhost:3000
16042023	10:18:52	4d733f42-2075-4b9a-b69a-811cb7f79484	POST	/api/auth/logout	http://localhost:3000
16042023	10:19:03	8be89731-f106-46c1-9368-e8a3e233496a	GET	/api/user	http://localhost:3000
16042023	10:19:03	e95bf90d-1646-4405-8956-35b56b9172dd	GET	/api/product	http://localhost:3000
16042023	10:19:46	1eba6eea-78b5-43db-9ab6-b2fb06a88c14	GET	/api/user	http://localhost:3000
16042023	10:19:46	d8bc09cd-ee08-41e1-80ca-edc7fc58755a	GET	/api/product	http://localhost:3000
16042023	10:25:04	5be12f5f-e24f-4b6c-bd07-20dacc8bd29f	OPTIONS	/api/auth/login	http://localhost:3000
16042023	10:25:04	89250f07-283a-4c0d-a3d7-f83b55629e8c	POST	/api/auth/login	http://localhost:3000
16042023	10:25:04	a3c45c00-0424-49e6-8193-6f89a0e45421	OPTIONS	/api/user	http://localhost:3000
16042023	10:25:04	751c6b18-5f76-4417-a30d-c4475e65afa2	GET	/api/user	http://localhost:3000
16042023	10:25:05	19242fdd-0681-4135-85bc-87759bb1fda6	GET	/api/user	http://localhost:3000
16042023	10:25:13	164e7f4f-1dd9-4d7a-9cbb-068220976925	OPTIONS	/api/user	http://localhost:3000
16042023	10:25:13	9f6cb71c-7dfc-4dfd-90d7-9b45139685fa	GET	/api/user	http://localhost:3000
16042023	10:25:14	083f55cc-7bf6-4202-bd6c-5dcecd453ae3	GET	/api/product	http://localhost:3000
16042023	10:25:14	433185c1-9db8-4947-8de0-061b3e947c8f	GET	/api/auth/refresh	http://localhost:3000
16042023	10:25:14	ae90905f-220d-426d-8ad0-d657f1cc76aa	GET	/api/user	http://localhost:3000
16042023	10:25:35	77be888b-88f1-424d-a89c-a34d261ea69c	OPTIONS	/api/user	http://localhost:3000
16042023	10:25:35	c238d235-5a63-446c-b72d-b88137a9b719	GET	/api/user	http://localhost:3000
16042023	10:26:36	3e061590-461f-41a6-8e0a-1ea7add59895	OPTIONS	/api/user	http://localhost:3000
16042023	10:26:36	79120c84-b440-4663-b309-7984befc7c84	GET	/api/user	http://localhost:3000
16042023	10:27:31	e6353e62-5258-4efd-8c7e-98829bf40cdc	OPTIONS	/api/user	http://localhost:3000
16042023	10:27:31	ade01019-00f1-423d-9d70-e72584dc102a	OPTIONS	/api/product	http://localhost:3000
16042023	10:27:31	655e9dee-797d-4f78-8b73-d0724edecf23	GET	/api/user	http://localhost:3000
16042023	10:27:31	97faf816-8ee1-45d7-a187-a081ce6b9a04	GET	/api/product	http://localhost:3000
16042023	10:28:32	7f0dddf3-c4d2-47ba-97a4-db0181a2f0ad	OPTIONS	/api/user	http://localhost:3000
16042023	10:28:32	bd70cd8a-6639-40a6-be64-6495e4081fbe	GET	/api/user	http://localhost:3000
16042023	10:29:33	e02c5e3c-8127-4889-8cac-410cb8e3b74b	OPTIONS	/api/user	http://localhost:3000
16042023	10:29:33	8512a277-35eb-41dc-a55c-9168568ef9e6	GET	/api/user	http://localhost:3000
16042023	10:30:34	1f7497da-4a6a-455b-bfcd-f23440e9d7df	OPTIONS	/api/user	http://localhost:3000
16042023	10:30:34	07d77b71-c4eb-4f9e-8a8a-f29a98769543	GET	/api/user	http://localhost:3000
16042023	10:31:35	e4af2f6b-eb67-41d8-bd0f-782475973295	OPTIONS	/api/user	http://localhost:3000
16042023	10:31:35	8bd873c9-1fcc-4f96-b82f-0f2a04fba888	GET	/api/user	http://localhost:3000
16042023	10:32:36	6b13f82a-d0c3-4456-9469-4e33f36ac513	OPTIONS	/api/user	http://localhost:3000
16042023	10:32:36	2ccbf423-73a3-4154-98be-2e241c4c0ad1	GET	/api/user	http://localhost:3000
16042023	10:33:37	2be3585d-d2ee-4fb6-b4b0-16568b9ecd04	OPTIONS	/api/user	http://localhost:3000
16042023	10:33:37	71a93df4-1f3f-41a3-9cc5-9152345884aa	GET	/api/user	http://localhost:3000
16042023	10:34:38	64fadf6d-89d0-4d56-8179-e37a033ac385	OPTIONS	/api/user	http://localhost:3000
16042023	10:34:38	a2c0146a-7d52-4eea-ba20-1bd2c5f54d15	GET	/api/user	http://localhost:3000
16042023	10:35:39	4536f091-4e8d-417f-a1a7-b4574df3c609	OPTIONS	/api/user	http://localhost:3000
16042023	10:35:39	d2c792ad-119b-4dd4-887b-f8daf4fc721c	GET	/api/user	http://localhost:3000
16042023	10:36:40	01e29f58-6aae-419f-b93e-ea854ed73df6	OPTIONS	/api/user	http://localhost:3000
16042023	10:36:40	9eb86f05-a7d9-4d7d-bfbe-abf2dfe26c4e	GET	/api/user	http://localhost:3000
16042023	10:37:21	3a9a96ac-cc57-4616-844a-3c98764c1583	OPTIONS	/api/user	http://localhost:3000
16042023	10:37:21	58bb08bf-8dad-4d61-8d25-b931fa2321a0	GET	/api/user	http://localhost:3000
16042023	10:37:29	38459a84-fc36-4e4b-b16d-723fb40b7bdb	OPTIONS	/api/user	http://localhost:3000
16042023	10:37:29	108b0976-2d05-4200-8757-53796c2ae7e5	GET	/api/user	http://localhost:3000
16042023	10:37:42	7c6c7e7d-037c-4243-bf07-76b846d933cc	OPTIONS	/api/user	http://localhost:3000
16042023	10:37:42	2efed1e0-b5ab-4884-828f-e1ce536276b8	GET	/api/user	http://localhost:3000
16042023	10:38:42	9ea9e8a8-1a1d-493b-8a6f-72cdcf9a42d8	OPTIONS	/api/user	http://localhost:3000
16042023	10:38:42	56a25373-8b9d-4bf6-afc8-401e67e07289	GET	/api/user	http://localhost:3000
16042023	10:39:07	4d983700-a995-4acd-9f60-a409dc322c08	OPTIONS	/api/user	http://localhost:3000
16042023	10:39:07	c337e2dc-f391-4007-bf7f-e62b02f9bf94	GET	/api/user	http://localhost:3000
16042023	10:40:08	3d665725-d317-494e-9f20-31ee65d9e1f0	OPTIONS	/api/user	http://localhost:3000
16042023	10:40:08	ddd73850-f0fb-4102-9d9f-c1c8210c407d	GET	/api/user	http://localhost:3000
16042023	10:40:29	97922c8f-18e7-48a1-ac30-882ad152e59f	OPTIONS	/api/user	http://localhost:3000
16042023	10:40:29	b8e1d589-9a9e-4285-8dac-4e3e0040622e	GET	/api/user	http://localhost:3000
16042023	10:41:30	eda61b3e-dbe8-46e8-a89d-d8ef59c91021	OPTIONS	/api/user	http://localhost:3000
16042023	10:41:30	a2843fb1-576d-4f62-920b-b7d4b0cede60	GET	/api/user	http://localhost:3000
16042023	10:42:31	f50c8362-d779-4b7f-8e31-e3652ff510de	OPTIONS	/api/user	http://localhost:3000
16042023	10:42:31	973310bd-6d0f-4993-b41a-9e36c02053c0	GET	/api/user	http://localhost:3000
16042023	10:43:32	d11ae21b-cdc4-4cbc-8a03-973566773094	OPTIONS	/api/user	http://localhost:3000
16042023	10:43:32	2f76dcc5-7587-434b-ad02-50b33bf69605	GET	/api/user	http://localhost:3000
16042023	10:44:33	ac037e5e-4461-4d67-801c-369ad0c7c500	OPTIONS	/api/user	http://localhost:3000
16042023	10:44:33	16f20dc9-f33f-491a-b803-2da25fde2ee2	GET	/api/user	http://localhost:3000
16042023	10:45:34	f7f0e6d5-e7dd-40f8-a18b-a94a5f8482b1	OPTIONS	/api/user	http://localhost:3000
16042023	10:45:34	7529d3b3-16fa-44a3-a0bc-4408f619d220	GET	/api/user	http://localhost:3000
16042023	10:46:35	fb1ff1f7-fe48-4d4f-ae27-4900c57177d6	OPTIONS	/api/user	http://localhost:3000
16042023	10:46:35	dcab1aed-442f-40db-8420-3abe36e9ae1a	GET	/api/user	http://localhost:3000
16042023	10:47:36	59a68261-d38d-407e-9281-ab7280d70697	OPTIONS	/api/user	http://localhost:3000
16042023	10:47:36	5656ce42-6462-49d0-a9f9-877023ac5f16	GET	/api/user	http://localhost:3000
16042023	10:48:37	c9271964-f690-4037-8462-4000e3b38050	OPTIONS	/api/user	http://localhost:3000
16042023	10:48:37	322fcdb6-a1aa-417a-b055-170b85d77ffb	GET	/api/user	http://localhost:3000
16042023	10:49:38	3852799c-9831-47e3-9ddc-7f43d3bf4b9b	OPTIONS	/api/user	http://localhost:3000
16042023	10:49:38	55cd83a3-df3b-4ed1-a91a-3122bfc08d66	GET	/api/user	http://localhost:3000
16042023	10:50:39	f2bb3a7c-e028-4494-b581-799f2ff49869	OPTIONS	/api/user	http://localhost:3000
16042023	10:50:39	bff00fea-4c26-4df2-bbb6-f117ca781091	GET	/api/user	http://localhost:3000
16042023	10:51:40	b7cd49d3-9681-44df-9081-8c06c37de9cf	OPTIONS	/api/user	http://localhost:3000
16042023	10:51:40	3dc66d69-0e93-4fd2-ba3d-74bd24f220d4	GET	/api/user	http://localhost:3000
16042023	10:52:41	6f604223-59af-43b6-8ac8-cf15bbadcad9	OPTIONS	/api/user	http://localhost:3000
16042023	10:52:41	2053ac85-2ed0-4b8d-a4e6-c36e0cec1cf6	GET	/api/user	http://localhost:3000
16042023	10:53:42	a794693d-9e08-4370-ad74-33cc87724825	OPTIONS	/api/user	http://localhost:3000
16042023	10:53:42	ad6f0ef0-c600-44ab-b408-5c6ce037fedc	GET	/api/user	http://localhost:3000
16042023	10:54:43	36319e5c-93a8-42f9-bd93-7d26963f6b47	OPTIONS	/api/user	http://localhost:3000
16042023	10:54:43	a6845110-1fbf-4c19-9635-d3336e80c99c	GET	/api/user	http://localhost:3000
16042023	10:55:44	8ae23648-3da9-4d85-ab1e-169f48a5ba1e	OPTIONS	/api/user	http://localhost:3000
16042023	10:55:44	25e2ef95-e509-4df8-93af-9cb5640b8ddd	GET	/api/user	http://localhost:3000
16042023	10:56:45	defeaf68-cbfe-4eba-bf54-d60276e920de	OPTIONS	/api/user	http://localhost:3000
16042023	10:56:45	1e567619-9f55-4281-81f3-c58224858d3e	GET	/api/user	http://localhost:3000
16042023	10:57:46	40b25e36-bd70-44c7-a283-fbc09bdb5de4	OPTIONS	/api/user	http://localhost:3000
16042023	10:57:46	80bad33d-bb27-4884-bf5a-145428ba3ede	GET	/api/user	http://localhost:3000
16042023	10:58:47	3ce485e6-f0bc-4c70-b089-652671dc4017	OPTIONS	/api/user	http://localhost:3000
16042023	10:58:47	d4774d67-b348-45c4-a129-896ccb323879	GET	/api/user	http://localhost:3000
16042023	10:59:02	ec742657-390a-4db7-9cf5-c11adb0ec950	OPTIONS	/api/user	http://localhost:3000
16042023	10:59:02	18c1871b-b214-482b-ab76-042f978115f9	GET	/api/user	http://localhost:3000
16042023	11:12:45	df6029a9-5ebc-4219-8bb1-bf52c47acaf7	OPTIONS	/api/user	http://localhost:3000
16042023	11:12:45	25067905-e58b-42e4-a9eb-bf8cc1bde651	GET	/api/user	http://localhost:3000
16042023	11:13:45	685fea25-3a7c-45a3-9810-208e4d83d34c	OPTIONS	/api/user	http://localhost:3000
16042023	11:13:45	424f1369-52b1-487b-9b61-470246917779	GET	/api/user	http://localhost:3000
16042023	11:14:46	911bbf22-dc7b-4bed-b414-768b91775a1e	OPTIONS	/api/user	http://localhost:3000
16042023	11:14:46	ad799765-525b-4d29-bde0-a639780016a1	GET	/api/user	http://localhost:3000
16042023	11:15:47	6f744dc5-5645-4602-9bd4-c7a54ca21155	OPTIONS	/api/user	http://localhost:3000
16042023	11:15:47	f5482a25-4f8e-4255-8c0c-82e0d668ffb5	GET	/api/user	http://localhost:3000
16042023	11:16:48	f35df9d1-68cc-431c-a6f4-86f7a9e74019	OPTIONS	/api/user	http://localhost:3000
16042023	11:16:48	4d8c8247-a418-4770-a00b-cf2775dec0a5	GET	/api/user	http://localhost:3000
16042023	11:17:49	74b533ee-069e-45bb-89a8-a19887b7222b	OPTIONS	/api/user	http://localhost:3000
16042023	11:17:49	8d613ee3-8ab6-4ea1-8a24-403623049683	GET	/api/user	http://localhost:3000
16042023	11:18:50	9801b90d-2d4d-4cb9-891e-0ed45c865cc4	OPTIONS	/api/user	http://localhost:3000
16042023	11:18:50	e1d4e8d9-4bb1-4070-a9ee-a8f1298c2fc5	GET	/api/user	http://localhost:3000
16042023	11:19:14	1ca53605-c335-4341-8b74-45ba2d048778	OPTIONS	/api/user	http://localhost:3000
16042023	11:19:14	0df5cac0-09f2-4a97-9d73-f69eedab2bf3	GET	/api/user	http://localhost:3000
16042023	11:19:21	a9c0e531-20ac-431c-87b8-4cb511c32465	OPTIONS	/api/user	http://localhost:3000
16042023	11:19:21	3701cb93-0dc4-4a61-a1de-825d7c645a95	GET	/api/user	http://localhost:3000
16042023	11:20:21	35a71f33-cb3e-4456-b7b3-c628b77ccfe9	OPTIONS	/api/user	http://localhost:3000
16042023	11:20:21	29596394-f17a-42ad-badc-50ca5e77093b	GET	/api/user	http://localhost:3000
16042023	11:21:22	2cf49bc2-a6d7-45bb-94f5-1aad09ddcb95	OPTIONS	/api/user	http://localhost:3000
16042023	11:21:22	6eabfef5-7889-4795-94b4-da40c9750a58	GET	/api/user	http://localhost:3000
16042023	11:22:23	ee3105aa-7c48-4863-a690-88eccfe8ebf5	OPTIONS	/api/user	http://localhost:3000
16042023	11:22:23	66815576-d5f5-4908-87e9-acce5f5cf635	GET	/api/user	http://localhost:3000
16042023	11:23:24	72e103cb-71f2-40ca-a7fb-db9d8b6c1830	OPTIONS	/api/user	http://localhost:3000
16042023	11:23:24	69926598-4b14-4f32-8dbe-f700bf9dab26	GET	/api/user	http://localhost:3000
16042023	11:23:57	58d54b16-94f9-4ab9-a155-7c8106a3f7f2	OPTIONS	/api/user	http://localhost:3000
16042023	11:23:57	d9145f72-7431-47d7-adae-adc2e0043652	GET	/api/user	http://localhost:3000
16042023	11:24:02	c9216333-836e-4fb8-a1ff-f69e3f519dc7	OPTIONS	/api/user	http://localhost:3000
16042023	11:24:02	a2825623-18e4-49e6-b5af-4e8c41c2c5a0	GET	/api/user	http://localhost:3000
16042023	11:24:02	a5a53054-179f-4e23-976e-3079b9d2ef83	OPTIONS	/api/auth/logout	http://localhost:3000
16042023	11:24:02	0faa8be0-cf19-4bc6-b206-50f46cd940f4	POST	/api/auth/logout	http://localhost:3000
16042023	11:24:06	b2e33c91-a05a-40d1-8d3d-9bc79b036276	POST	/api/auth/logout	http://localhost:3000
16042023	11:24:07	225a678e-02d7-4fa3-9916-04839d7053c5	OPTIONS	/api/auth/logout	http://localhost:3000
16042023	11:24:07	436435b7-3d2d-4f7d-901e-63677f1aa7b7	POST	/api/auth/logout	http://localhost:3000
16042023	11:24:22	e6929cfa-ad39-450e-82db-a1e67ec1ff6a	GET	/api/product	http://localhost:3000
16042023	11:24:22	7e7a6fff-3d98-426b-b069-c48030a6f98e	GET	/api/auth/refresh	http://localhost:3000
16042023	11:24:42	ddb7bdae-6ed3-4a52-929d-c133848f7571	GET	/api/auth/refresh	http://localhost:3000
17042023	08:58:12	621a32bd-2853-4498-8631-3f5d432cb346	GET	/api/product	undefined
17042023	08:58:47	0784e3f2-fbd8-468e-b2ee-6e3fca1681d5	POST	/api/product/create	undefined
17042023	08:58:51	38bba133-3498-4cb2-9723-fc8eac4cecbd	GET	/api/product	undefined
17042023	09:05:31	e826e8bb-47e8-494a-bd23-1ac737f1448e	POST	/api/product/create	undefined
17042023	09:05:46	a9f34e7f-1661-4aa1-81b6-f0b531fc5252	POST	/api/product/create	undefined
17042023	09:06:02	300f5da1-8830-4fdd-a9d1-e6970a58523e	GET	/api/product	undefined
17042023	09:16:18	734f4699-dfe4-4d8f-8ab2-1b9ca1fffe59	GET	/api/product	undefined
17042023	09:28:46	7b7b5b30-9568-40d2-b4d8-4429352413fd	GET	/api/product	http://localhost:3000
17042023	09:29:11	805ad4fb-ab78-48ad-aec0-202fbe161f93	GET	/api/auth/refresh	http://localhost:3000
17042023	09:29:24	f924bb79-08a1-41db-9cd3-d05cdc165eb5	OPTIONS	/api/auth/login	http://localhost:3000
17042023	09:29:24	9de5aa45-b055-435f-92fe-83a40ca41e46	POST	/api/auth/login	http://localhost:3000
17042023	09:29:25	7ceb8e1a-2bda-4c77-a6d3-63fc09d33581	OPTIONS	/api/user	http://localhost:3000
17042023	09:29:25	a0cbaaf3-c22d-4f6b-b31b-d1ce867b2ff5	GET	/api/user	http://localhost:3000
17042023	09:30:21	3cd85d0f-bc97-4be5-880f-58781f616a7b	OPTIONS	/api/user	http://localhost:3000
17042023	09:30:21	2eaa96e9-5195-4ae2-bcbc-8a7df4fe0c62	GET	/api/user	http://localhost:3000
17042023	09:30:58	f688a780-7bf3-48da-80bd-8ecce56403b6	OPTIONS	/api/user	http://localhost:3000
17042023	09:30:59	33b2dd9c-cea7-4977-9849-ef3915cc4e99	GET	/api/user	http://localhost:3000
17042023	09:31:06	44de1158-f11b-4971-9cdc-1705f15de04e	OPTIONS	/api/user	http://localhost:3000
17042023	09:31:06	5f82b761-3592-41d2-8c4e-e62b25927e7a	GET	/api/user	http://localhost:3000
17042023	09:32:07	aec6de8c-c21d-4ef9-a918-8af7db95f0c6	OPTIONS	/api/user	http://localhost:3000
17042023	09:32:07	3a101cd5-db90-4638-89f1-9dd6912534d4	GET	/api/user	http://localhost:3000
17042023	09:33:08	8d0e30e4-0961-40e9-83b2-7a8b8fe838b7	OPTIONS	/api/user	http://localhost:3000
17042023	09:33:08	305e853e-e2e8-4c5e-a192-d1d0ee13ce2a	GET	/api/user	http://localhost:3000
17042023	09:34:09	6a9bff6c-2051-49f2-a086-b048c59f9ddd	OPTIONS	/api/user	http://localhost:3000
17042023	09:34:09	71a9a5ce-d494-4435-95b1-e29c2e01317b	GET	/api/user	http://localhost:3000
17042023	09:35:10	5890a884-d17f-4aa5-a04d-295e57a55566	OPTIONS	/api/user	http://localhost:3000
17042023	09:35:10	a8b792b5-a0a3-435d-a7bd-672537084be9	GET	/api/user	http://localhost:3000
17042023	09:36:11	bfb0ba31-ef7e-40ca-a4ff-2b8401ab2f02	OPTIONS	/api/user	http://localhost:3000
17042023	09:36:11	48ee4711-cfdc-42b1-bbf6-06d3d871867f	GET	/api/user	http://localhost:3000
17042023	09:37:12	bdfa2ae3-3e5a-4fcc-a7e1-bfcc47614152	OPTIONS	/api/user	http://localhost:3000
17042023	09:37:12	4fd65a11-74b6-4361-8878-9c9097f3e9b8	GET	/api/user	http://localhost:3000
17042023	09:38:13	346b62db-0405-414d-989c-47ce51516489	OPTIONS	/api/user	http://localhost:3000
17042023	09:38:13	a7bdfc51-7188-4a20-960a-8f70dd39e27d	GET	/api/user	http://localhost:3000
17042023	09:39:14	d397af8b-0779-4b95-860f-e86016da28d6	OPTIONS	/api/user	http://localhost:3000
17042023	09:39:14	4809b2b5-d68e-4fe2-81f2-8d7aa37d053d	GET	/api/user	http://localhost:3000
17042023	09:40:01	7d906ff3-5451-49f0-97b6-2023147b6bca	OPTIONS	/api/user	http://localhost:3000
17042023	09:40:01	a366216d-9b75-4279-b2c6-580d9aa12d55	GET	/api/user	http://localhost:3000
17042023	09:40:33	5c9831f4-19e7-480d-9464-4e24dbd5493f	OPTIONS	/api/user	http://localhost:3000
17042023	09:40:33	7d08a348-95da-49f5-b3b5-0d14adf62eaa	GET	/api/user	http://localhost:3000
17042023	09:41:34	1ee55e76-da28-42b3-9c2f-045577691911	OPTIONS	/api/user	http://localhost:3000
17042023	09:41:34	e78900ff-846e-4fab-b132-29c3e57fe22f	GET	/api/user	http://localhost:3000
17042023	09:42:35	6146a75f-8f6e-4127-b707-88e05d80b616	OPTIONS	/api/user	http://localhost:3000
17042023	09:42:35	7040a883-0731-4d26-971c-693bf2ea4973	GET	/api/user	http://localhost:3000
17042023	09:43:36	9c15da9b-5e11-4225-9f6f-36856676e33d	OPTIONS	/api/user	http://localhost:3000
17042023	09:43:36	591f650b-0849-42f4-8668-21d9b823bd33	GET	/api/user	http://localhost:3000
17042023	09:44:37	ccf41e50-9d76-4889-a30c-23b8d471a08f	OPTIONS	/api/user	http://localhost:3000
17042023	09:44:37	0e9dcf3b-763a-4787-8ec4-04bc8eb887e7	GET	/api/user	http://localhost:3000
17042023	09:45:38	6401e70e-df47-4dcb-83a6-489d0e724d72	OPTIONS	/api/user	http://localhost:3000
17042023	09:45:38	bcd12960-e123-42b4-a239-d74f581a4035	GET	/api/user	http://localhost:3000
17042023	09:46:39	e63d0415-fe86-4145-9dc5-add3613d0ad3	OPTIONS	/api/user	http://localhost:3000
17042023	09:46:39	ef9cba88-be77-4d52-b29b-e96e44a81d70	GET	/api/user	http://localhost:3000
17042023	09:47:40	a402a51e-38af-48e2-99a3-e16298663f7e	OPTIONS	/api/user	http://localhost:3000
17042023	09:47:40	77070812-5de1-4440-9e99-3cc50c589d31	GET	/api/user	http://localhost:3000
17042023	09:48:41	4c3fd163-b10e-43c4-abd8-6c232bfdfe01	OPTIONS	/api/user	http://localhost:3000
17042023	09:48:41	c509db8e-c2be-4e96-8e53-2fe059dd4b78	GET	/api/user	http://localhost:3000
17042023	09:49:42	408ecf33-2461-4402-b390-367db204545a	OPTIONS	/api/user	http://localhost:3000
17042023	09:49:42	93ad59b1-c432-418b-a955-078dc1137e64	GET	/api/user	http://localhost:3000
17042023	09:50:43	167452bd-c537-4e0c-8b81-2144325ca685	OPTIONS	/api/user	http://localhost:3000
17042023	09:50:43	4c612752-0beb-4208-8b9a-1db0d1c6b123	GET	/api/user	http://localhost:3000
17042023	09:51:44	c824b668-8be5-4a91-bfda-51e5415d5899	OPTIONS	/api/user	http://localhost:3000
17042023	09:51:44	70b960d8-8db9-430b-861c-5792c2c7083b	GET	/api/user	http://localhost:3000
17042023	09:52:45	85ad2c99-1c33-4cc9-9fcb-1df2f65781a4	OPTIONS	/api/user	http://localhost:3000
17042023	09:52:45	854fbe59-dda8-448d-b949-56ef23e05f49	GET	/api/user	http://localhost:3000
17042023	09:53:46	e2fd79d3-1307-4ddb-bd52-15f6e25bef40	OPTIONS	/api/user	http://localhost:3000
17042023	09:53:46	8a694e87-c872-4c95-8df1-0c5e146038ae	GET	/api/user	http://localhost:3000
17042023	09:54:47	22c1a07a-c2c2-422c-b74e-a9156b7af3ab	OPTIONS	/api/user	http://localhost:3000
17042023	09:54:47	ae64c557-754b-47e1-a05f-3bdb796bf1db	GET	/api/user	http://localhost:3000
17042023	09:55:48	31210caa-b9c5-4456-96be-82527bb18c31	OPTIONS	/api/user	http://localhost:3000
17042023	09:55:48	c8cd2bb4-ce91-4b6e-826b-173b4528cb56	GET	/api/user	http://localhost:3000
17042023	09:56:49	9c31f5d2-9379-4b72-b9bd-9ac421cfd921	OPTIONS	/api/user	http://localhost:3000
17042023	09:56:49	fbd402ef-42b4-4026-8847-d46fe562869c	GET	/api/user	http://localhost:3000
17042023	09:57:50	bc2dc12b-2152-4977-9dbf-f1664a1d813c	OPTIONS	/api/user	http://localhost:3000
17042023	09:57:50	7351a148-302f-4612-a646-6ddc005a34d4	GET	/api/user	http://localhost:3000
17042023	09:58:46	9808f8bf-18f4-4776-a90a-963961f6654f	OPTIONS	/api/user	http://localhost:3000
17042023	09:58:46	b96b49f6-da85-458a-9cef-97ae98b2f066	GET	/api/user	http://localhost:3000
17042023	09:59:01	e4e39d0b-665d-4b6e-8727-dc9a62a4dadf	OPTIONS	/api/user	http://localhost:3000
17042023	09:59:01	32c5fe75-7892-4144-9790-09f4d3deb7b2	GET	/api/user	http://localhost:3000
17042023	09:59:04	50171715-bff2-461e-a29e-e371d0761546	GET	/api/user	http://localhost:3000
17042023	10:17:32	8d290cb9-bab9-4624-ab6f-c0fc33b14285	POST	/api/product/create	undefined
17042023	10:17:37	c198972c-d7bd-40d1-a002-90aad30d9cfa	GET	/api/product	undefined
17042023	10:21:55	11e7bb5d-32b2-4343-b7ac-8cbeb572fe98	POST	/api/product/create	undefined
17042023	10:21:59	7ddeb217-bef3-4fe5-abce-03135a2c5c69	GET	/api/product	undefined
17042023	10:25:15	dfb37761-c3ec-49f4-82af-b97b2b621c30	POST	/api/product/create	undefined
17042023	10:25:19	ea1c3ace-aab3-416c-9f23-9633ced40fed	GET	/api/product	undefined
17042023	10:38:15	2e023a2f-17b2-410b-9eb7-fc07aceb992c	GET	/api/product	undefined
17042023	10:41:44	4e5dd6ee-4485-4511-8acf-ae27e02c28dd	POST	/api/product/create	undefined
17042023	11:39:06	93d5419a-d4e5-4150-8e60-06f45b3217dc	POST	/api/product/create	undefined
17042023	11:50:18	df398290-d772-4301-b1d5-4e10914daa76	POST	/api/product/create	undefined
17042023	12:02:02	cb3c1d1e-1bd9-4440-99db-7090eed53441	POST	/api/product/create	undefined
17042023	12:03:45	176c6bd5-dd62-4e24-b7c4-cdbd03391e36	POST	/api/product/create	undefined
17042023	12:19:24	417248a0-df62-4d67-b6c5-881d3e5e9163	GET	/api/product	undefined
18042023	08:19:11	2cd2d868-c169-4bb2-93a8-b3ef7ba8a438	GET	/api/product	undefined
18042023	13:47:21	4e0b8eeb-da8a-47cd-8ec3-186bea5eca23	POST	/api/user/create	undefined
18042023	13:50:39	fd0a52bb-2183-4a33-b152-dbdbcba1ff11	GET	/api/product	http://localhost:3000
18042023	13:50:51	31b637a1-771c-4a63-8c6c-1a3ff7266923	POST	/api/auth/logout	http://localhost:3000
18042023	13:51:47	afa0fcb6-42a6-4cd4-97fa-9b30bfcad237	OPTIONS	/api/auth/register	http://localhost:3000
18042023	13:51:47	184a8f69-cca6-402d-8923-6d45e414437d	POST	/api/auth/register	http://localhost:3000
18042023	13:52:00	d328961e-ad00-4465-b198-c915f8ce3fd6	OPTIONS	/api/auth/update/login	http://localhost:3000
18042023	13:52:00	01dc7f5b-04f9-4553-8edb-3c153ba63229	PUT	/api/auth/update/login	http://localhost:3000
18042023	13:52:00	69d41541-ae54-4999-9624-aac1bdbcab46	OPTIONS	/api/user	http://localhost:3000
18042023	13:52:00	cabf390b-1a49-42c6-85a7-a740f5dd672b	GET	/api/user	http://localhost:3000
18042023	13:52:08	19ea9008-782e-43a4-86ab-98c5d9a122e7	OPTIONS	/api/auth/logout	http://localhost:3000
18042023	13:52:08	5e8a2f93-3af3-499a-b42d-54d92e8a3038	POST	/api/auth/logout	http://localhost:3000
18042023	13:52:53	42bb7e04-d7a4-4c0e-a2a3-45d65f500a32	POST	/api/user/update	undefined
18042023	13:55:04	94b31799-7467-4186-ad01-7b2f83596693	POST	/api/user/update	undefined
18042023	13:56:33	0d34b848-a756-41c4-baaa-2e3287379ca6	POST	/api/user/update	undefined
18042023	13:57:06	e52c9048-47a5-44a0-9be3-979650229f9e	POST	/api/user/update	undefined
18042023	13:59:09	cb5243c3-8856-4a13-9d39-702604c77f83	POST	/api/user/update	undefined
18042023	13:59:31	3065bde1-fb01-4370-8fa0-d9f2f2ce2d65	PATCH	/api/user/update	undefined
18042023	14:01:28	f67ccdc0-1c14-4072-85e2-6fe71f2dc065	OPTIONS	/api/auth/register	http://localhost:3000
18042023	14:01:28	b9f2c14e-b85a-46d6-81b6-195fa39870f1	POST	/api/auth/register	http://localhost:3000
18042023	14:01:47	0ab11334-6730-424c-88a0-b24fd8626341	OPTIONS	/api/auth/update/login	http://localhost:3000
18042023	14:01:47	7e7aac44-1d8d-4fbf-a975-4d1ef44db258	PUT	/api/auth/update/login	http://localhost:3000
18042023	14:01:47	6b3267ff-66b3-458f-97b6-8f411157ea5c	OPTIONS	/api/user	http://localhost:3000
18042023	14:01:47	bbe32138-82db-41e7-bcbc-c1e18e5af822	GET	/api/user	http://localhost:3000
18042023	14:01:52	a16eb32d-e01b-4d35-8f7b-c845196c29e9	OPTIONS	/api/auth/logout	http://localhost:3000
18042023	14:01:52	d58231da-e45f-4f6e-95b6-98a801d52734	POST	/api/auth/logout	http://localhost:3000
18042023	14:02:00	66525fff-3408-4876-aa80-39785f8c884b	OPTIONS	/api/auth/register	http://localhost:3000
18042023	14:02:00	e427c0b1-0f9b-4437-a27a-2c2006e44145	POST	/api/auth/register	http://localhost:3000
18042023	14:02:15	b0e348bc-1172-4c1c-b750-715f7bf4c8aa	OPTIONS	/api/auth/update/login	http://localhost:3000
18042023	14:02:15	d0527794-f411-42c3-957d-97508d59984a	PUT	/api/auth/update/login	http://localhost:3000
18042023	14:02:15	29d67737-db28-439b-b510-2b62161dbd68	OPTIONS	/api/user	http://localhost:3000
18042023	14:02:15	1d3dd733-45b6-4641-88d0-93c25d8427c9	GET	/api/user	http://localhost:3000
18042023	14:03:15	ce9ddcdf-4b96-4252-aaa2-d9b27f473e74	OPTIONS	/api/user	http://localhost:3000
18042023	14:03:15	00afcbac-7b1c-49b8-8700-2a689d4eb7f8	GET	/api/user	http://localhost:3000
18042023	14:04:15	464f7e20-94e1-4295-82e4-02a71a45bd94	OPTIONS	/api/user	http://localhost:3000
18042023	14:04:15	f3c00a99-fa2b-45c5-9472-544f19f517ec	GET	/api/user	http://localhost:3000
18042023	14:04:17	d6e175c0-7492-49ad-bb7a-ada287630064	GET	/api/user	http://localhost:3000
18042023	14:04:50	8e702371-cfda-4734-a675-c0082109ce10	OPTIONS	/api/user	http://localhost:3000
18042023	14:04:50	2836bb5f-9bc0-4523-a412-d98ab715857f	GET	/api/user	http://localhost:3000
18042023	14:05:50	b85c545f-ada7-4f84-a7c7-1db081305b07	OPTIONS	/api/user	http://localhost:3000
18042023	14:05:50	b8fbe988-21f0-43a0-9baf-ac5518f6050e	GET	/api/user	http://localhost:3000
18042023	14:06:29	73653bee-9cd8-4636-83d1-792b40fb9392	OPTIONS	/api/user	http://localhost:3000
18042023	14:06:29	ccbc94c2-c4a5-40ea-9bea-0223b2debc9d	GET	/api/user	http://localhost:3000
18042023	14:06:33	443afa46-b1bb-45ac-b1c3-03b69539b746	OPTIONS	/api/auth/logout	http://localhost:3000
18042023	14:06:33	3c3eae82-06fa-459e-9709-06641afcd3aa	POST	/api/auth/logout	http://localhost:3000
18042023	14:06:44	d40e6535-9258-4d59-a7da-0e0ab009fa3a	GET	/api/user	http://localhost:3000
18042023	14:06:44	0ac500ac-9792-4229-a513-346cb4f4335b	GET	/api/product	http://localhost:3000
18042023	14:06:54	204f58ff-2b16-437b-bcc7-884d65143d89	GET	/api/user	http://localhost:3000
18042023	14:06:54	a20b02eb-2c5a-445b-859b-cec8249fc4aa	GET	/api/product	http://localhost:3000
18042023	14:06:57	6ceed017-32e8-4f2e-8a9f-a5e33484b126	GET	/api/product	http://localhost:3000
18042023	14:10:01	76b18ef6-4cea-4697-b92c-5b45d56df153	OPTIONS	/api/auth/login	http://localhost:3000
18042023	14:10:01	e84b1be1-826d-4041-9b26-77852b11c84e	POST	/api/auth/login	http://localhost:3000
18042023	14:10:02	8a998491-1175-475a-86e5-8a2f27e375ff	OPTIONS	/api/user	http://localhost:3000
18042023	14:10:02	85a5757d-6f7d-4ea0-95a2-16dc1f2eaf5c	GET	/api/user	http://localhost:3000
18042023	14:11:02	ab3f8a06-5fe9-4343-bb46-5d4a706fe8a9	OPTIONS	/api/user	http://localhost:3000
18042023	14:11:02	67a81d51-3ae9-4103-9d9b-face130a49e3	GET	/api/user	http://localhost:3000
18042023	14:12:03	1c4f078a-6665-4bc2-8eba-7c2040ac4097	OPTIONS	/api/user	http://localhost:3000
18042023	14:12:03	7a6e98ca-68fe-4450-a179-5387cda9d640	GET	/api/user	http://localhost:3000
18042023	14:13:04	abc4e33e-9014-42f8-bbd3-4ec6f01c84d7	OPTIONS	/api/user	http://localhost:3000
18042023	14:13:04	65f1e671-5723-4ab1-b21d-c552ed9ccada	GET	/api/user	http://localhost:3000
18042023	14:14:05	12e2263b-f535-4ab9-a4aa-7f1b65f4b900	OPTIONS	/api/user	http://localhost:3000
18042023	14:14:05	d4843971-c2d6-4c41-b12b-339024cd4fe4	GET	/api/user	http://localhost:3000
18042023	14:14:21	84d30545-d882-482b-8a60-1e83c19bd840	POST	/api/product/create	undefined
18042023	14:15:06	66b0c44a-5d49-43e3-a1f3-b28bc6a15862	OPTIONS	/api/user	http://localhost:3000
18042023	14:15:06	eb1fa3b7-5b87-4054-af25-6591d0c6205b	GET	/api/user	http://localhost:3000
18042023	14:16:07	6cb7b6c1-5294-4a0f-9110-49c028dff17e	OPTIONS	/api/user	http://localhost:3000
18042023	14:16:07	9cc0aab1-0d99-4a84-9e76-808d7772b436	GET	/api/user	http://localhost:3000
18042023	14:17:08	8b2b3fb9-dd5f-44ea-b6f4-3823e36959f4	OPTIONS	/api/user	http://localhost:3000
18042023	14:17:08	8cade214-5c00-4ccf-ae78-07c2fe73de29	GET	/api/user	http://localhost:3000
18042023	14:18:09	9e037c7e-84ab-4dd2-843e-9d1bc2746fa4	OPTIONS	/api/user	http://localhost:3000
18042023	14:18:09	3d9e9459-9000-4910-9ce0-5ce3f96fef7d	GET	/api/user	http://localhost:3000
18042023	14:18:18	1a678dac-a7f7-437c-a6bb-e5818c3aa4be	GET	/api/product	undefined
18042023	14:19:10	7a4c8c1a-aa71-40bf-ba60-51bd3f951acc	OPTIONS	/api/user	http://localhost:3000
18042023	14:19:10	0c411b57-167f-496f-96a1-6c674bae639b	GET	/api/user	http://localhost:3000
18042023	14:20:11	8fbcb29a-6b3b-4eab-9475-97668d34144e	OPTIONS	/api/user	http://localhost:3000
18042023	14:20:11	00e21059-1c24-4a68-9161-57441f2b8588	GET	/api/user	http://localhost:3000
18042023	14:21:12	bc84d06c-9f8c-47ab-b83b-709691648559	OPTIONS	/api/user	http://localhost:3000
18042023	14:21:12	2a3563ad-416a-488d-91ca-fe261156967c	GET	/api/user	http://localhost:3000
18042023	14:22:13	ee39e0bd-e6db-48eb-9c37-ac041f06dae4	OPTIONS	/api/user	http://localhost:3000
18042023	14:22:13	f5537805-d5b3-4050-a1f3-a63f63a104c8	GET	/api/user	http://localhost:3000
18042023	14:23:14	c381398b-5c59-4bcb-b472-b8e3514c00c3	OPTIONS	/api/user	http://localhost:3000
18042023	14:23:14	80d5879c-584e-4667-9f86-a058b4f8850e	GET	/api/user	http://localhost:3000
18042023	14:24:15	e6b52771-4f7a-4255-82a9-81b400685804	OPTIONS	/api/user	http://localhost:3000
18042023	14:24:15	d17d12a0-ce98-4f2f-a840-601905de60f1	GET	/api/user	http://localhost:3000
18042023	14:25:16	374976f6-0871-4220-b539-33ab96d97861	OPTIONS	/api/user	http://localhost:3000
18042023	14:25:16	1dfd7b80-bc24-4d09-984b-2ba2cbab4a4a	GET	/api/user	http://localhost:3000
18042023	14:25:22	17489274-9d9d-42ad-83f4-a00c585c9185	PATCH	/api/product/643cbc1b2010440368a9e7c7/update	undefined
18042023	14:26:17	1503d923-4d43-44af-af9a-f550df85c8c8	OPTIONS	/api/user	http://localhost:3000
18042023	14:26:17	f257974d-41af-49da-a814-f7e77d4c9535	GET	/api/user	http://localhost:3000
18042023	14:26:21	e63c836f-5aab-4950-932d-51cce394d099	PATCH	/api/product/643cbc1b2010440368a9e7c7/update	undefined
18042023	14:26:52	1816c996-2cc3-4f85-914d-21acdc948e76	PATCH	/api/product/643cbc1b2010440368a9e7c7/update	undefined
18042023	14:27:18	945adcaa-0300-4014-8f54-db1a405f67d3	OPTIONS	/api/user	http://localhost:3000
18042023	14:27:18	9d827bf0-9e55-4d96-8225-5713b5518190	GET	/api/user	http://localhost:3000
18042023	14:28:03	ce653635-bf93-43d1-8193-1777184e8630	PATCH	/api/product/643cbc1b2010440368a9e7c7/update	undefined
18042023	14:28:19	5e1b7d9f-2fda-44e4-8e43-a5956e20a036	OPTIONS	/api/user	http://localhost:3000
18042023	14:28:19	5e1c0736-50d1-4045-b4c6-7a86e7fde7e5	GET	/api/user	http://localhost:3000
18042023	14:29:20	c7b97714-5bbd-411e-ad5c-89e07306bcfb	OPTIONS	/api/user	http://localhost:3000
18042023	14:29:20	03a4b630-ee37-4e33-99c9-935a9f56ac79	GET	/api/user	http://localhost:3000
18042023	14:30:02	f42055fc-4086-4ad7-b828-5762903bf493	PATCH	/api/product/643cbc1b2010440368a9e7c7/update	undefined
18042023	14:30:21	c6d797c3-8ceb-4c10-824d-51fbdb1fec94	OPTIONS	/api/user	http://localhost:3000
18042023	14:30:21	87aa347c-105a-4c4d-9f38-dc1914159fbc	GET	/api/user	http://localhost:3000
18042023	14:30:21	550518ea-d3b8-427f-9f22-cdc5aafafaaf	PATCH	/api/product/643cbc1b2010440368a9e7c7/update	undefined
18042023	14:30:44	55e17823-096b-4602-930c-75c044ef6f23	PATCH	/api/product/643cbc1b2010440368a9e7c7/update	undefined
18042023	14:31:22	89285e88-616a-4ba9-9c7e-ecaccfdf5a46	OPTIONS	/api/user	http://localhost:3000
18042023	14:31:22	74c5476b-298e-403b-bcf0-8a22318c9b1e	GET	/api/user	http://localhost:3000
18042023	14:32:23	7d0696ae-09bb-4878-b6e5-a440a0edce0a	OPTIONS	/api/user	http://localhost:3000
18042023	14:32:23	8b53b4b7-63b1-4c75-9289-7595973942c3	GET	/api/user	http://localhost:3000
18042023	14:32:28	2bfadd1e-e321-4fbd-88e6-c2bc6094e23f	PATCH	/api/product/643cbc1b2010440368a9e7c7/update	undefined
18042023	14:33:24	e3bbd35d-b54a-409f-8709-0a56a9e049b5	OPTIONS	/api/user	http://localhost:3000
18042023	14:33:24	a93cb8b2-ce1d-4724-8423-f448118b3a50	GET	/api/user	http://localhost:3000
18042023	14:34:25	a870f5b5-fab0-4f37-a047-ef38fe650e6f	OPTIONS	/api/user	http://localhost:3000
18042023	14:34:25	6dce8c00-973f-492c-988b-607112c7ef83	GET	/api/user	http://localhost:3000
18042023	14:35:26	8473adb9-d142-489e-aa91-2fe9d0dd6156	OPTIONS	/api/user	http://localhost:3000
18042023	14:35:26	9c5b7bc5-09e8-4e8c-bd3d-6723218d6aa1	GET	/api/user	http://localhost:3000
18042023	14:35:36	3366e28f-eafb-44ec-95b3-96f7cc231c25	PATCH	/api/product/643cbc1b2010440368a9e7c7/update	undefined
18042023	14:36:27	962e37d6-1c11-4ebb-8952-5cf7fe21ecd0	OPTIONS	/api/user	http://localhost:3000
18042023	14:36:27	80e8a64b-f624-42ed-bae3-456576921e1f	GET	/api/user	http://localhost:3000
18042023	14:36:50	a9d7c90b-0a70-455d-9bac-adc8dc574521	PATCH	/api/product/643cbc1b2010440368a9e7c7/update	undefined
18042023	14:37:28	0be1facc-ec50-4954-92f4-2ce6ee340e4d	OPTIONS	/api/user	http://localhost:3000
18042023	14:37:28	dcb9f7a3-0a9e-4ed8-84c3-d314d03c0001	GET	/api/user	http://localhost:3000
18042023	14:38:29	30959420-fee5-416c-8db8-d156b63a332e	OPTIONS	/api/user	http://localhost:3000
18042023	14:38:29	996b7f5a-40cb-4a18-b86c-7d2ef331a6b9	GET	/api/user	http://localhost:3000
18042023	14:38:55	edb56b52-4431-4e27-9690-0352d53fe483	PATCH	/api/product/643cbc1b2010440368a9e7c7/update	undefined
18042023	14:39:30	e3b89945-39fe-4863-b764-9155e877d460	OPTIONS	/api/user	http://localhost:3000
18042023	14:39:30	b28cfe85-1c69-4658-9e98-b06055fc1aea	GET	/api/user	http://localhost:3000
18042023	14:39:59	ac399ef3-2bb4-4857-bca2-6fe7e5bc904b	PATCH	/api/product/643cbc1b2010440368a9e7c7/update	undefined
18042023	14:40:31	94ddf30d-2ae2-456b-99a0-2755c9d0bfad	OPTIONS	/api/user	http://localhost:3000
18042023	14:40:31	e7d64fcd-f931-4f5f-8145-d9b093846043	GET	/api/user	http://localhost:3000
18042023	14:41:32	3f17ae9e-a8d9-4d52-b670-2ccb62fd57a0	OPTIONS	/api/user	http://localhost:3000
18042023	14:41:32	5a1f21b7-01d4-40c4-a4a0-4e70d6acc466	GET	/api/user	http://localhost:3000
18042023	14:42:13	7a13dfbf-3668-4ab0-96bb-b6d3d2cae6ae	PATCH	/api/product/643cbc1b2010440368a9e7c7/update	undefined
18042023	14:42:33	92f7529f-ccde-4393-8169-d2c9ee5af7ed	OPTIONS	/api/user	http://localhost:3000
18042023	14:42:33	823124ae-1030-43d7-823d-5189ab1d3fa6	GET	/api/user	http://localhost:3000
18042023	14:43:34	f57082ff-2c51-4f89-89e6-9c90fde89353	OPTIONS	/api/user	http://localhost:3000
18042023	14:43:34	152ba26d-3651-4911-9fbc-ec0e3092a45a	GET	/api/user	http://localhost:3000
18042023	14:43:45	2694f57c-fa4b-432b-b0a2-6b8e5ed443de	PATCH	/api/product/643cbc1b2010440368a9e7c7/update	undefined
18042023	14:44:35	31ec36b4-5b56-4c13-ba91-c4172a2b99d0	OPTIONS	/api/user	http://localhost:3000
18042023	14:44:35	417ff84e-5402-4c10-8560-3f1ed872de5b	GET	/api/user	http://localhost:3000
18042023	14:44:44	199c51ef-bf6a-4f43-b678-f8e264ac41c2	PATCH	/api/product/643cbc1b2010440368a9e7c7/update	undefined
18042023	14:45:17	4a3dbb0c-7f19-4bb7-be7a-d895816c029a	PATCH	/api/product/643cbc1b2010440368a9e7c7/update	undefined
18042023	14:45:36	4c4561a8-1888-46b6-9591-b60fb291e58a	OPTIONS	/api/user	http://localhost:3000
18042023	14:45:36	8f3c7e31-7b77-4e39-a0df-80702dacfc1d	GET	/api/user	http://localhost:3000
18042023	14:46:37	3ccc96d7-aaf9-4cd4-9169-f272ac1a2128	OPTIONS	/api/user	http://localhost:3000
18042023	14:46:37	d4f34487-2680-46c0-8b44-24fca42a54af	GET	/api/user	http://localhost:3000
18042023	14:46:44	67a39c7c-623d-4560-be59-40a5fb178bca	PATCH	/api/product/643cbc1b2010440368a9e7c7/update	undefined
18042023	14:47:13	1293c567-0193-40cc-8e7d-db2b56893cdd	GET	/api/product	undefined
18042023	14:47:38	3fdcb2f4-70f5-461d-8ce0-a4392bbc591d	OPTIONS	/api/user	http://localhost:3000
18042023	14:47:38	91066b7e-5287-4446-9095-768cab29978f	GET	/api/user	http://localhost:3000
18042023	14:48:39	2351c608-6beb-4092-85b3-3ad1aae219df	OPTIONS	/api/user	http://localhost:3000
18042023	14:48:39	6e13ddf9-4034-4d20-885c-34cd7ed3545f	GET	/api/user	http://localhost:3000
18042023	14:49:06	de1d9460-8977-4cad-a299-54a2cb328186	PATCH	/api/product/643cbc1b2010440368a9e7c7/update	undefined
18042023	14:49:40	c2f36d1f-0f55-4d98-9baa-4c4a54fb0885	OPTIONS	/api/user	http://localhost:3000
18042023	14:49:40	197baddc-79c3-4c7a-aa5b-0e9e48ac5d1a	GET	/api/user	http://localhost:3000
18042023	14:50:41	c9d62a0d-6580-4cc5-9686-5760f685ff76	OPTIONS	/api/user	http://localhost:3000
18042023	14:50:41	179b767e-d612-446b-8bec-c604aa0cbfd7	GET	/api/user	http://localhost:3000
18042023	14:50:45	484d2895-a60d-49ad-94bb-6ff6ff4c18ee	PATCH	/api/product/643cbc1b2010440368a9e7c7/update	undefined
18042023	14:51:42	27df3689-ce11-4273-a8d1-4da713fb5866	OPTIONS	/api/user	http://localhost:3000
18042023	14:51:42	9a16af0e-77be-45ef-8828-e6a1fe567db4	GET	/api/user	http://localhost:3000
18042023	14:52:43	20970734-1986-49a7-b157-f4b72f509f31	OPTIONS	/api/user	http://localhost:3000
18042023	14:52:43	a2dfc88f-2544-44c8-a42d-8275dede0f4d	GET	/api/user	http://localhost:3000
18042023	14:53:04	b5008e8e-8296-45e9-b3a2-3d5a91c655f5	PATCH	/api/user/update	undefined
18042023	14:53:44	193cc907-da38-4979-a48c-f8866d40cff1	OPTIONS	/api/user	http://localhost:3000
18042023	14:53:44	0b9dcaa4-4c43-47bf-8a81-813f754c4fce	GET	/api/user	http://localhost:3000
18042023	14:54:04	ed3278f7-0ca2-47e1-b4a3-e6eb47b0d143	PATCH	/api/user/update	undefined
18042023	14:54:40	1737a97c-9364-4f6e-929b-583b40ffca54	PATCH	/api/user/update	undefined
18042023	14:54:45	0bd1f04e-a29f-4ed1-82b7-053c6faf7991	OPTIONS	/api/user	http://localhost:3000
18042023	14:54:45	c2deee93-b57e-4740-92d5-038f4764b9f1	GET	/api/user	http://localhost:3000
18042023	14:55:46	e3d6b736-77f3-44cb-bcc9-9250bb45ce4e	OPTIONS	/api/user	http://localhost:3000
18042023	14:55:46	b6e3489c-fc46-49b5-b947-aee0a9542842	GET	/api/user	http://localhost:3000
18042023	14:56:08	621250f3-174f-4ee1-9e4b-f156f97a65ad	PATCH	/api/user/update	undefined
18042023	14:56:47	cefca0ef-9016-4492-8f73-8c15072ab61c	OPTIONS	/api/user	http://localhost:3000
18042023	14:56:47	3e8cd981-4ef3-4352-8476-5aab7a7b8514	GET	/api/user	http://localhost:3000
18042023	14:57:23	a1bfcb59-13cb-4ba9-b694-e2d5c7262776	PATCH	/api/user/update	undefined
18042023	14:57:44	1b399fc7-24ec-4c49-bc39-b0b26d75380b	PATCH	/api/user/update	undefined
18042023	14:57:48	0abe5adf-f354-4704-9c84-6e5dde0251fe	OPTIONS	/api/user	http://localhost:3000
18042023	14:57:48	ffe7e103-641c-45ca-ab64-db693bb61430	GET	/api/user	http://localhost:3000
18042023	14:57:49	49b72217-c481-4f95-b052-f354a9b5a4ee	PATCH	/api/user/update	undefined
18042023	14:58:44	bdcbd40c-3b38-45e1-936b-fcab1f2ca811	PATCH	/api/user/update	undefined
18042023	14:58:49	e8470618-0337-4794-8fc4-53e426b7a0d6	OPTIONS	/api/user	http://localhost:3000
18042023	14:58:49	ea6e66ca-0415-48b0-9299-f082645e9b81	GET	/api/user	http://localhost:3000
18042023	14:59:50	bb8429c6-8e73-4d35-abbb-f1ba9814e7ae	OPTIONS	/api/user	http://localhost:3000
18042023	14:59:50	26d2109a-b044-4f73-8751-d90983e9c865	GET	/api/user	http://localhost:3000
18042023	15:00:51	44553537-e301-49c0-aa50-e120ed2e7016	OPTIONS	/api/user	http://localhost:3000
18042023	15:00:51	f76ba772-46d2-4215-a7f6-c1b89beb6114	GET	/api/user	http://localhost:3000
18042023	15:01:52	7841f128-2b7e-42db-80ed-c40d89581bd9	OPTIONS	/api/user	http://localhost:3000
18042023	15:01:52	94e0bcb4-0d18-491b-99d4-589c8dae47aa	GET	/api/user	http://localhost:3000
18042023	15:02:52	1c615ec7-9ed0-4337-98a4-493eb96cd9f2	PATCH	/api/user/update	undefined
18042023	15:02:53	8f143d9f-988c-48b4-95b4-7cac8c861600	OPTIONS	/api/user	http://localhost:3000
18042023	15:02:53	17a86123-ac23-44ba-b3b9-885e5e2ee95c	GET	/api/user	http://localhost:3000
18042023	15:03:07	91f076ea-f064-4974-9525-403073392843	PATCH	/api/user/update	undefined
18042023	15:03:24	7aa5cbc7-c082-4779-bf2d-cbf30724c4d3	PATCH	/api/user/update	undefined
18042023	15:03:39	e30eca6d-e1cd-48b3-ad94-df3d37b81ed4	PATCH	/api/user/update	undefined
18042023	15:03:54	8e7f639c-1a21-4816-8b8c-f69c0cad2f8a	OPTIONS	/api/user	http://localhost:3000
18042023	15:03:54	878bae8b-ad74-4ce9-977e-07c9054a0479	GET	/api/user	http://localhost:3000
19042023	07:43:58	bfe91f62-1079-4650-bce1-a5bea784e6ad	PATCH	/api/user/update	undefined
19042023	07:46:20	1ce46349-d3ae-426a-adbb-4479c8841b69	PATCH	/api/user/update	undefined
19042023	07:46:37	23be3dbe-b127-4216-b9c0-25b9c5472d6b	PATCH	/api/user/update	undefined
19042023	07:47:27	153a07e2-07ea-467f-a70d-6266488c1e23	PATCH	/api/user/update	undefined
19042023	07:48:22	5739a2c1-4fde-49fc-acf4-ca31144be362	PATCH	/api/user/update	undefined
19042023	07:50:04	770943a1-a3a7-4b97-aaca-6f77e8cc9c48	PATCH	/api/user/update	undefined
19042023	07:50:49	a7764eee-d200-4e75-86a6-722b7b44acc9	PATCH	/api/user/update	undefined
19042023	07:51:09	6f5a5a7c-3e6e-4d03-819e-cf66377f576d	PATCH	/api/user/update	undefined
19042023	07:51:53	12ddcaaf-ff41-408a-9a72-e893f7e05bb5	PATCH	/api/user/update	undefined
19042023	07:52:28	bb2e3ebb-94a9-48c2-b4ef-ff788fa1ee0c	PATCH	/api/user/update	undefined
19042023	07:53:56	3b411c5d-b8c6-4454-88d1-3fb5b06aa459	PATCH	/api/user/update	undefined
19042023	08:00:13	08c9c14f-217a-4e1c-8cdd-94a866d95f91	PATCH	/api/user/update	undefined
19042023	08:01:22	57abe95c-390b-4e20-a3db-0743621bf6a1	PATCH	/api/user/update	undefined
19042023	08:02:29	f702871b-986f-49c0-9d4a-a63bc1b789a4	PATCH	/api/user/update	undefined
19042023	08:05:18	2950782d-4d7c-46cc-a849-884a5e0c8a3b	PATCH	/api/user/1/update	undefined
19042023	08:06:50	0a4d618d-8976-4fdf-857c-b851c456f4ae	PATCH	/api/user/1/update	undefined
19042023	08:07:10	e091e712-7c32-41a5-a90f-2d367e7e5ea3	PATCH	/api/user/1/update	undefined
19042023	08:10:33	0895f4c4-014e-49ca-b7ae-39ca2f42c50f	PATCH	/api/product/643cbc1b2010440368a9e7c7/update	undefined
19042023	08:14:16	52ec57e6-2388-4ae7-b9a1-252720c60f9f	PATCH	/api/product/643cbc1b2010440368a9e7c7/update	undefined
19042023	08:18:31	1f45d3bb-850e-421f-b9e9-68900ade88ae	PATCH	/api/product/643cbc1b2010440368a9e7c7/update	undefined
19042023	08:27:49	2937bac7-cb04-4ef8-9988-ca044b8481bd	PATCH	/api/product/643cbc1b2010440368a9e7c7/update	undefined
19042023	08:30:04	c31fba90-7c0a-4a91-958b-13e40e200ad5	PATCH	/api/product/643cbc1b2010440368a9e7c7/update	undefined
19042023	08:32:10	c301abdd-cbb7-42c5-a2f0-f411ac1ff673	PATCH	/api/product/643cbc1b2010440368a9e7c7/update	undefined
19042023	08:33:26	8d298981-b1d8-47f4-9c82-b0040f73294e	GET	/api/product	undefined
19042023	08:34:20	3dd38db8-d193-4c3e-a5c9-f2dc1e1abf6a	PATCH	/api/product/643ccd6a2010440368a9e7cf/update	undefined
19042023	08:35:19	5137949c-9248-4219-8175-2b2851e11251	PATCH	/api/product/643ccd6a2010440368a9e7cf/update	undefined
19042023	08:35:42	f5a4d3f5-4a26-4359-acb4-007c52938553	PATCH	/api/product/643ccd6a2010440368a9e7cf/update	undefined
19042023	08:36:24	72737bdc-d28d-4cb0-801c-6e4418712a0d	PATCH	/api/product/643ccd6a2010440368a9e7cf/update	undefined
19042023	08:36:43	ba39da7d-6687-4ffd-89d9-ba101e8c71cd	PATCH	/api/product/643ccd6a2010440368a9e7cf/update	undefined
19042023	08:38:30	8ff19939-223f-4a96-a1c4-29d43d67abb4	PATCH	/api/product/643ccd6a2010440368a9e7cf/update	undefined
19042023	08:38:58	ebf4ff43-22d8-4f21-ad0f-212415028122	PATCH	/api/product/643ccd6a2010440368a9e7cf/update	undefined
19042023	08:39:00	9796bd67-a600-4a64-becb-1a08e7639446	PATCH	/api/product/643ccd6a2010440368a9e7cf/update	undefined
19042023	08:40:53	b46cbc5d-ce97-47e8-a850-aa642107697e	PATCH	/api/product/643ccd6a2010440368a9e7cf/update	undefined
19042023	08:41:42	43e7838f-5676-4650-a762-d77fe9eacd13	PATCH	/api/product/643ccd6a2010440368a9e7cf/update	undefined
19042023	08:42:23	0284d3e8-d5b2-448d-b3b3-0658b924a571	PATCH	/api/product/643ccd6a2010440368a9e7cf/update	undefined
19042023	08:42:35	3019b627-919a-4f58-82ca-a8c0a98a5392	PATCH	/api/product/643ccd6a2010440368a9e7cf/update	undefined
19042023	08:43:57	438ba893-ff69-424f-b46a-d8d59a4a8d15	PATCH	/api/product/643ccd6a2010440368a9e7cf/update	undefined
19042023	08:44:35	18eadd89-4087-42ce-9e35-a0e9c06a772a	PATCH	/api/product/643ccd6a2010440368a9e7cf/update	undefined
19042023	08:44:42	1d343500-f306-4a50-a977-12e1685cac92	PATCH	/api/product/643ccd6a2010440368a9e7cf/update	undefined
19042023	08:45:20	cbb71d79-b002-4004-b01c-6f9a28a4efd1	PATCH	/api/product/643ccd6a2010440368a9e7cf/update	undefined
19042023	08:45:41	ecf01135-4335-4fbb-80f8-45958c45fe52	PATCH	/api/product/643ccd6a2010440368a9e7cf/update	undefined
19042023	08:45:59	f31be588-d926-470b-89e5-06190a96f886	PATCH	/api/product/643ccd6a2010440368a9e7cf/update	undefined
19042023	08:47:57	f5b53ad5-2ba5-41d7-95bb-6c2506a502f6	PATCH	/api/product/643ccd6a2010440368a9e7cf/update	undefined
19042023	08:48:39	5f703541-9e76-4e4a-8e7f-5ccbb1c922a1	PATCH	/api/product/643ccd6a2010440368a9e7cf/update	undefined
19042023	08:49:14	60bf5f85-5d6c-407f-9221-ebeb3f64da1c	PATCH	/api/product/643ccd6a2010440368a9e7cf/update	undefined
19042023	08:50:02	053def58-5e5d-4939-83d5-874e848ff7f4	PATCH	/api/product/643ccd6a2010440368a9e7cf/update	undefined
19042023	08:50:52	8785adf7-2f54-4a33-9292-397396de1c21	PATCH	/api/product/643ccd6a2010440368a9e7cf/update	undefined
19042023	09:16:34	80c10f9c-db33-4c82-8485-d39c5fa047ef	PATCH	/api/product/643ccd6a2010440368a9e7cf/update	undefined
19042023	09:18:21	1eb922a1-635e-41ea-b1ed-472bf2477e88	PATCH	/api/product/643cd3312010440368a9e7d6/update	undefined
19042023	09:18:40	551380d9-9ea8-496f-b392-64c43d502b79	PATCH	/api/product/643cd3312010440368a9e7d6/update	undefined
19042023	09:54:24	7075d923-47ba-49ed-837d-159d7db435b8	GET	/api/product	undefined
19042023	10:00:11	ec4cba8c-0ad8-4659-9c53-5ce5c2e9a93e	DELETE	/api/product/643cd3312010440368a9e7d6/soft/delete	undefined
19042023	10:06:18	6d7f0825-4141-4518-9b9e-53ca537640b4	POST	/api/product/create	undefined
19042023	10:06:30	96034518-76bb-4071-bf41-21683954e06a	POST	/api/product/create	undefined
19042023	10:08:25	93753227-d055-43b1-9901-e058c4bfb2f7	GET	/api/product	undefined
19042023	10:08:54	a01f55b7-85d9-4ed3-8d95-832241005935	DELETE	/api/product/643f5ab67504d17ed82f237b/soft/delete	undefined
19042023	10:09:13	d013f879-91ce-4d1f-a4f7-8769c5a97aa9	POST	/api/product/create	undefined
19042023	10:10:23	55001236-b45f-47ac-83a7-f7e90f1c0722	GET	/api/product	undefined
19042023	10:10:43	d30e8f35-90df-4b6d-a571-0cacb62ccc50	DELETE	/api/product/delete/soft/643f5b59abd1ddf2b133912b	undefined
19042023	10:11:15	e339c1f2-36e4-4ba1-b43c-89fc80328902	DELETE	/api/product/delete/soft/643f5b59abd1ddf2b133912b	undefined
19042023	10:12:03	deba1194-adf7-44ee-962d-fe535a765233	DELETE	/api/product/delete/soft/643f5b59abd1ddf2b133912b	undefined
19042023	10:13:04	b963593f-42fd-43cb-b9b9-730a820e9ab8	DELETE	/api/product/delete/soft/643f5b59abd1ddf2b133912b	undefined
19042023	10:13:22	c5cdbc65-a43a-4c1b-9416-8a91f0775f3a	DELETE	/api/product/delete/soft/643f5b59abd1ddf2b133912b	undefined
19042023	10:13:50	d6cfc757-6dee-463f-a908-16a8d427bec4	POST	/api/product/create	undefined
19042023	10:14:45	e646dba5-7078-4b38-84aa-cb5210c5a242	GET	/api/product	undefined
19042023	10:22:29	4adbe250-1cee-4a39-8876-d60a524a70a6	DELETE	/api/product/643f5c6e21d7cde25b5b3c45/soft/delete	undefined
19042023	10:23:44	65ce93eb-fdc4-4e0b-bf33-9319e2243769	POST	/api/product/create	undefined
19042023	10:23:50	33232e68-53b3-402c-b59e-28bd7fd536bd	GET	/api/product	undefined
19042023	10:24:23	fcb04695-02fa-4039-8cb6-74fb1967ed91	DELETE	/api/product/643f5ec083166b99cf02ae21/soft/delete	undefined
19042023	10:24:41	1f9fc5ab-6abf-4e58-9133-7ab3b828b581	POST	/api/product/create	undefined
19042023	10:27:02	59d5f1a7-d25e-481a-a292-1ff8fb22ae6d	GET	/api/product	undefined
19042023	10:28:25	542c4e00-485e-4501-8964-b45073dc55ba	GET	/api/product	undefined
19042023	10:32:37	ecc1b234-04a1-4294-9611-9f8f65c48c7b	POST	/api/product/create	undefined
19042023	10:33:22	910f0d24-3dd3-460a-b484-7c6337b5eb1d	GET	/api/product	undefined
19042023	10:33:40	4c6218bf-7b3c-4301-861a-6d04a439dbfa	DELETE	/api/product/643f5ef983166b99cf02ae2d/soft/delete	undefined
19042023	10:50:32	535cc963-a4e4-4ea6-8037-d14c6aa9b62d	GET	/api/product/643f5ef983166b99cf02ae2d/restore	undefined
19042023	10:50:46	513f59ea-add2-4d7a-aec8-1058dd6d1190	PATCH	/api/product/643f5ef983166b99cf02ae2d/restore	undefined
19042023	10:54:56	2e5e4e3d-c31e-4163-a971-9db2620a5a57	GET	/api/product/delete/product	undefined
19042023	10:55:50	8cfa98e9-9e92-4953-9c6a-0b67816eb846	GET	/api/product/deleted/product	undefined
19042023	10:55:58	a667c33b-49d2-48c7-b56e-55089aae91eb	DELETE	/api/product/643f5ef983166b99cf02ae2d/soft/delete	undefined
19042023	10:58:50	4beff359-0775-4064-9d71-69a0cdc5a609	GET	/api/product/delete/product	undefined
19042023	10:59:00	54f4d7d4-09a4-4972-a774-e6a160a3b5fc	GET	/api/product/deleted/product	undefined
19042023	10:59:28	4894fd8e-18e5-43b2-8049-e8e6360ab20f	GET	/api/product/deleted/product	undefined
19042023	11:34:11	f6582638-16e0-4e9c-8593-ace66472e5fb	POST	/api/user/2/soft/delete	undefined
19042023	11:34:43	dde6e3e2-f931-4577-82f1-502ca8da36fd	DELETE	/api/user/2/soft/delete	undefined
19042023	11:35:03	dd357c12-32a1-462a-8ccd-191712db5a79	DELETE	/api/user/2/soft/delete	undefined
19042023	11:35:55	222377ee-128a-4da9-8889-229ced315f04	DELETE	/api/user/2/soft/delete	undefined
19042023	11:37:15	f235769a-0953-453f-9771-56f63b40817c	DELETE	/api/user/2/soft/delete	undefined
19042023	11:38:43	7d1672e1-1381-4777-87e9-c5ac48931885	PATCH	/api/user/2/restore	undefined
19042023	11:40:49	a62352fb-2397-4736-a7aa-75c8cd1cc15b	POST	/api/user/create	undefined
19042023	11:41:34	8a52767f-59bb-4773-b64d-1a7aa247fc3c	PATCH	/api/user/2/update	undefined
19042023	11:42:19	cdb1da23-be18-44a6-9e8a-cf092b19a7e3	PATCH	/api/user/2/update	undefined
19042023	11:42:26	42667d5b-ab10-4d5a-9faf-21ba6345ff3b	PATCH	/api/user/2/update	undefined
